/autofs/cluster/nexus/12/users/ythomas/data/MaiAtlas/FSL_MNI152_FS/mri
/usr/local/freesurfer/stable4//bin/talairach_avi
--i nu.mgz --xfm transforms/talairach.auto.xfm
$Id: talairach_avi,v 1.4.2.1 2009/07/30 19:22:07 nicks Exp $
Linux compute-0-103.local 2.6.18-53.1.19.el5 #1 SMP Tue Apr 22 03:01:10 EDT 2008 x86_64 x86_64 x86_64 GNU/Linux
Thu Jul 15 08:43:07 EDT 2010
mri_convert nu.mgz talsrcimg.img 
$Id: mri_convert.c,v 1.146.2.5 2009/04/08 18:40:23 nicks Exp $
reading from nu.mgz...
TR=1000.00, TE=0.00, TI=0.00, flip angle=0.00
i_ras = (-1, 0, 0)
j_ras = (0, 0, -1)
k_ras = (0, 1, 0)
writing to talsrcimg.img...
Analyze Output Matrix
-1.000   0.000   0.000   128.000;
 0.000   0.000   1.000  -146.000;
 0.000  -1.000   0.000   148.000;
 0.000   0.000   0.000   1.000;
--------------------
INFO: set hdr.hist.orient to -1
mpr2mni305 talsrcimg
Thu Jul 15 08:43:08 EDT 2010
/usr/local/freesurfer/stable4//bin/mpr2mni305 talsrcimg
$Id: mpr2mni305,v 1.3.2.1 2009/07/30 19:21:45 nicks Exp $
target=711-2C_as_mni_average_305

---------------------------------------------------------------------
analyzeto4dfp talsrcimg -O0 -y
---------------------------------------------------------------------

$Id: ifh2hdr.c,v 1.3 2007/05/05 10:45:03 nicks Exp $
Thu Jul 15 08:43:10 2010
Writing: talsrcimg.4dfp.hdr
$Id: analyzeto4dfp.c,v 1.2 2007/05/05 00:00:06 nicks Exp $
Reading: talsrcimg.hdr
header size 348 bytes
hdr.dime.datatype	offset=70	value=2
hdr.dime.bitpix		offset=72	value=8
hdr.hist.orient		offset=252	value=-1
dimensionality     4
dimensions       256       256       256         1
Reading: talsrcimg.img
Writing: talsrcimg.4dfp.img
Writing: talsrcimg.4dfp.ifh
ifh2hdr talsrcimg -r0to255
ori=2

---------------------------------------------------------------------
gauss_4dfp talsrcimg 1.1
---------------------------------------------------------------------

$Id: gauss_4dfp.c,v 1.2.2.1 2009/05/15 21:44:49 nicks Exp $
Reading: talsrcimg.4dfp.img
Writing: talsrcimg_g11.4dfp.img
image dimensions 256 256 256 padded to 288 288 288
processing volume 1$Id: ifh2hdr.c,v 1.3 2007/05/05 10:45:03 nicks Exp $
Thu Jul 15 08:43:23 2010
Writing: talsrcimg_g11.4dfp.hdr

Writing: talsrcimg_g11.4dfp.ifh
including: talsrcimg.4dfp.img.rec in talsrcimg_g11.4dfp.img.rec

---------------------------------------------------------------------
imgreg_4dfp /usr/local/freesurfer/stable4//average/711-2C_as_mni_average_305 none talsrcimg_g11 none talsrcimg_to_711-2C_as_mni_average_305_t4 4355
---------------------------------------------------------------------

$Id: imgreg_4dfp.c,v 1.3 2007/08/04 04:19:24 nicks Exp $
/usr/local/freesurfer/stable4//average/711-2C_as_mni_average_305.4dfp.img
       256       256       256         1
  1.000000  1.000000  1.000000
orientation T byte_order littleendian
Reading image: /usr/local/freesurfer/stable4//average/711-2C_as_mni_average_305.4dfp.img
dimensions:      256       256       256
mmppix:       1.0000   -1.0000   -1.0000
center:     128.0000 -129.0000 -129.0000
talsrcimg_g11.4dfp.img
       256       256       256         1
  1.000000  1.000000  1.000000
orientation T byte_order littleendian
Reading image: talsrcimg_g11.4dfp.img
dimensions:      256       256       256
mmppix:       1.0000   -1.0000   -1.0000
center:     128.0000 -129.0000 -129.0000
t4_read: talsrcimg_to_711-2C_as_mni_average_305_t4 read error
t4_read: transform initialized to I4
rotation matrix determinant  1.000000
image alignment mode   4355 decimal     1103 hex
   -7.5000  -45.0000  -45.0000 8515.0537    8.5454
    0.0000  -45.0000  -45.0000 8939.6328    8.5273
    7.5000  -45.0000  -45.0000 8562.9316    8.4879
   -7.5000  -37.5000  -45.0000 8843.4043    8.6075
    0.0000  -37.5000  -45.0000 9286.1738    8.5900
    7.5000  -37.5000  -45.0000 8890.6758    8.5522
   -7.5000  -30.0000  -45.0000 9515.9912    8.6199
    0.0000  -30.0000  -45.0000 9987.4473    8.6020
    7.5000  -30.0000  -45.0000 9559.5703    8.5640
   -7.5000  -22.5000  -45.000010256.8750    8.5606
    0.0000  -22.5000  -45.000010753.2002    8.5418
    7.5000  -22.5000  -45.000010298.3594    8.5015
   -7.5000  -15.0000  -45.000010998.3613    8.4963
    0.0000  -15.0000  -45.000011540.2598    8.4769
    7.5000  -15.0000  -45.000011047.8867    8.4349
   -7.5000   -7.5000  -45.000011546.0508    8.4807
    0.0000   -7.5000  -45.000012115.3037    8.4617
    7.5000   -7.5000  -45.000011597.2920    8.4201
   -7.5000    0.0000  -45.000011704.1934    8.5323
    0.0000    0.0000  -45.000012277.9785    8.5141
    7.5000    0.0000  -45.000011761.2305    8.4746
   -7.5000    7.5000  -45.000010992.5215    8.6075
    0.0000    7.5000  -45.000011540.4248    8.5900
    7.5000    7.5000  -45.000011048.5059    8.5522
   -7.5000   15.0000  -45.000010201.0078    8.6199
    0.0000   15.0000  -45.000010707.3750    8.6020
    7.5000   15.0000  -45.000010248.4648    8.5640
   -7.5000   22.5000  -45.0000 9379.3262    8.5594
    0.0000   22.5000  -45.0000 9857.7070    8.5407
    7.5000   22.5000  -45.0000 9421.4814    8.5003
   -7.5000   30.0000  -45.0000 8561.4131    8.3831
    0.0000   30.0000  -45.0000 9009.2070    8.3640
    7.5000   30.0000  -45.0000 8604.6523    8.3225
   -7.5000   37.5000  -45.0000 8108.6875    8.3677
    0.0000   37.5000  -45.0000 8534.9092    8.3489
    7.5000   37.5000  -45.0000 8155.9536    8.3079
   -7.5000   45.0000  -45.0000 7474.0986    8.5177
    0.0000   45.0000  -45.0000 7859.4043    8.4992
    7.5000   45.0000  -45.0000 7510.7236    8.4589
   -7.5000  -45.0000  -37.5000 9171.3896    8.4026
    0.0000  -45.0000  -37.5000 9629.2520    8.3853
    7.5000  -45.0000  -37.5000 9221.5273    8.3459
   -7.5000  -37.5000  -37.5000 9511.2969    8.4657
    0.0000  -37.5000  -37.5000 9992.3584    8.4479
    7.5000  -37.5000  -37.5000 9560.7695    8.4090
   -7.5000  -30.0000  -37.500010220.3242    8.4791
    0.0000  -30.0000  -37.500010726.9854    8.4601
    7.5000  -30.0000  -37.500010268.0928    8.4205
   -7.5000  -22.5000  -37.500010980.3271    8.4200
    0.0000  -22.5000  -37.500011512.1660    8.4003
    7.5000  -22.5000  -37.500011022.7754    8.3593
   -7.5000  -15.0000  -37.500011756.0811    8.3551
    0.0000  -15.0000  -37.500012333.3691    8.3357
    7.5000  -15.0000  -37.500011805.7852    8.2943
   -7.5000   -7.5000  -37.500012315.7256    8.3388
    0.0000   -7.5000  -37.500012922.0859    8.3206
    7.5000   -7.5000  -37.500012371.1807    8.2799
   -7.5000    0.0000  -37.500012496.4678    8.3900
    0.0000    0.0000  -37.500013114.9727    8.3726
    7.5000    0.0000  -37.500012566.9697    8.3331
   -7.5000    7.5000  -37.500011716.9697    8.4657
    0.0000    7.5000  -37.500012271.8467    8.4479
    7.5000    7.5000  -37.500011777.9590    8.4090
   -7.5000   15.0000  -37.500010841.1250    8.4791
    0.0000   15.0000  -37.500011344.4062    8.4601
    7.5000   15.0000  -37.500010896.8633    8.4205
   -7.5000   22.5000  -37.5000 9960.8262    8.4189
    0.0000   22.5000  -37.500010436.0430    8.3991
    7.5000   22.5000  -37.500010021.1865    8.3582
   -7.5000   30.0000  -37.5000 9075.1436    8.2437
    0.0000   30.0000  -37.5000 9523.3105    8.2246
    7.5000   30.0000  -37.5000 9132.7061    8.1837
   -7.5000   37.5000  -37.5000 8562.0430    8.2277
    0.0000   37.5000  -37.5000 8994.5029    8.2097
    7.5000   37.5000  -37.5000 8614.3760    8.1696
   -7.5000   45.0000  -37.5000 7876.8765    8.3763
    0.0000   45.0000  -37.5000 8278.8975    8.3585
    7.5000   45.0000  -37.5000 7927.6865    8.3180
   -7.5000  -45.0000  -30.000010006.6299    8.6285
    0.0000  -45.0000  -30.000010485.5645    8.6111
    7.5000  -45.0000  -30.000010058.9941    8.5708
   -7.5000  -37.5000  -30.000010383.2812    8.6957
    0.0000  -37.5000  -30.000010890.4932    8.6769
    7.5000  -37.5000  -30.000010440.6367    8.6355
   -7.5000  -30.0000  -30.000011153.8916    8.7119
    0.0000  -30.0000  -30.000011690.0488    8.6918
    7.5000  -30.0000  -30.000011213.4814    8.6495
   -7.5000  -22.5000  -30.000011946.7373    8.6512
    0.0000  -22.5000  -30.000012506.3828    8.6312
    7.5000  -22.5000  -30.000011995.9424    8.5891
   -7.5000  -15.0000  -30.000012785.8008    8.5823
    0.0000  -15.0000  -30.000013383.5176    8.5636
    7.5000  -15.0000  -30.000012836.6826    8.5225
   -7.5000   -7.5000  -30.000013374.8037    8.5635
    0.0000   -7.5000  -30.000013990.0908    8.5460
    7.5000   -7.5000  -30.000013415.4668    8.5057
   -7.5000    0.0000  -30.000013566.4766    8.6158
    0.0000    0.0000  -30.000014175.9004    8.5983
    7.5000    0.0000  -30.000013614.7109    8.5579
   -7.5000    7.5000  -30.000012671.8330    8.6957
    0.0000    7.5000  -30.000013227.5410    8.6769
    7.5000    7.5000  -30.000012723.0244    8.6355
   -7.5000   15.0000  -30.000011708.7021    8.7119
    0.0000   15.0000  -30.000012210.5010    8.6918
    7.5000   15.0000  -30.000011762.1436    8.6495
   -7.5000   22.5000  -30.000010745.6094    8.6491
    0.0000   22.5000  -30.000011232.8682    8.6291
    7.5000   22.5000  -30.000010811.3906    8.5870
   -7.5000   30.0000  -30.0000 9767.5605    8.4688
    0.0000   30.0000  -30.000010236.0566    8.4503
    7.5000   30.0000  -30.0000 9831.9043    8.4097
   -7.5000   37.5000  -30.0000 9177.8945    8.4502
    0.0000   37.5000  -30.0000 9624.4111    8.4329
    7.5000   37.5000  -30.0000 9238.4043    8.3931
   -7.5000   45.0000  -30.0000 8411.7275    8.6071
    0.0000   45.0000  -30.0000 8836.0420    8.5890
    7.5000   45.0000  -30.0000 8473.7090    8.5474
   -7.5000  -45.0000  -22.500010903.1396    8.8602
    0.0000  -45.0000  -22.500011412.2412    8.8424
    7.5000  -45.0000  -22.500010969.8135    8.8022
   -7.5000  -37.5000  -22.500011319.3594    8.9317
    0.0000  -37.5000  -22.500011862.4629    8.9127
    7.5000  -37.5000  -22.500011396.7686    8.8707
   -7.5000  -30.0000  -22.500012142.5957    8.9511
    0.0000  -30.0000  -22.500012732.3486    8.9317
    7.5000  -30.0000  -22.500012227.3203    8.8891
   -7.5000  -22.5000  -22.500012984.7744    8.8890
    0.0000  -22.5000  -22.500013587.5752    8.8706
    7.5000  -22.5000  -22.500013052.6328    8.8290
   -7.5000  -15.0000  -22.500013902.8193    8.8161
    0.0000  -15.0000  -22.500014516.5488    8.7990
    7.5000  -15.0000  -22.500013969.5283    8.7591
   -7.5000   -7.5000  -22.500014482.6973    8.7942
    0.0000   -7.5000  -22.500015111.4297    8.7772
    7.5000   -7.5000  -22.500014543.5566    8.7379
   -7.5000    0.0000  -22.500014674.6465    8.8472
    0.0000    0.0000  -22.500015301.9941    8.8294
    7.5000    0.0000  -22.500014738.2900    8.7891
   -7.5000    7.5000  -22.500013681.7266    8.9317
    0.0000    7.5000  -22.500014243.6152    8.9127
    7.5000    7.5000  -22.500013742.2559    8.8707
   -7.5000   15.0000  -22.500012624.8799    8.9511
    0.0000   15.0000  -22.500013128.9170    8.9317
    7.5000   15.0000  -22.500012691.4209    8.8891
   -7.5000   22.5000  -22.500011574.5859    8.8862
    0.0000   22.5000  -22.500012043.0176    8.8678
    7.5000   22.5000  -22.500011637.2129    8.8263
   -7.5000   30.0000  -22.500010485.4023    8.7008
    0.0000   30.0000  -22.500010953.7988    8.6839
    7.5000   30.0000  -22.500010556.3232    8.6445
   -7.5000   37.5000  -22.5000 9831.3916    8.6791
    0.0000   37.5000  -22.500010281.3652    8.6624
    7.5000   37.5000  -22.5000 9890.6494    8.6236
   -7.5000   45.0000  -22.5000 8981.0840    8.8461
    0.0000   45.0000  -22.5000 9408.4639    8.8275
    7.5000   45.0000  -22.5000 9042.8799    8.7856
   -7.5000  -45.0000  -15.000011826.9902    9.0754
    0.0000  -45.0000  -15.000012404.6748    9.0572
    7.5000  -45.0000  -15.000011922.2461    9.0179
   -7.5000  -37.5000  -15.000012275.0293    9.1483
    0.0000  -37.5000  -15.000012894.2002    9.1297
    7.5000  -37.5000  -15.000012383.8936    9.0896
   -7.5000  -30.0000  -15.000013174.1543    9.1684
    0.0000  -30.0000  -15.000013843.4365    9.1506
    7.5000  -30.0000  -15.000013280.4932    9.1100
   -7.5000  -22.5000  -15.000014081.4502    9.1055
    0.0000  -22.5000  -15.000014766.2090    9.0886
    7.5000  -22.5000  -15.000014163.6182    9.0485
   -7.5000  -15.0000  -15.000015074.3857    9.0312
    0.0000  -15.0000  -15.000015766.0420    9.0147
    7.5000  -15.0000  -15.000015164.9316    8.9754
   -7.5000   -7.5000  -15.000015628.5674    9.0083
    0.0000   -7.5000  -15.000016329.9307    8.9910
    7.5000   -7.5000  -15.000015712.1553    8.9520
   -7.5000    0.0000  -15.000015829.2666    9.0620
    0.0000    0.0000  -15.000016504.3184    9.0438
    7.5000    0.0000  -15.000015905.6475    9.0043
   -7.5000    7.5000  -15.000014740.2383    9.1483
    0.0000    7.5000  -15.000015341.8369    9.1297
    7.5000    7.5000  -15.000014841.8057    9.0896
   -7.5000   15.0000  -15.000013559.4941    9.1684
    0.0000   15.0000  -15.000014089.5850    9.1506
    7.5000   15.0000  -15.000013655.3877    9.1100
   -7.5000   22.5000  -15.000012394.0957    9.1023
    0.0000   22.5000  -15.000012860.1543    9.0854
    7.5000   22.5000  -15.000012456.5615    9.0453
   -7.5000   30.0000  -15.000011209.9453    8.9143
    0.0000   30.0000  -15.000011664.7666    8.8980
    7.5000   30.0000  -15.000011280.4619    8.8592
   -7.5000   37.5000  -15.000010508.5283    8.8917
    0.0000   37.5000  -15.000010952.5215    8.8747
    7.5000   37.5000  -15.000010566.8691    8.8362
   -7.5000   45.0000  -15.0000 9588.1279    9.0665
    0.0000   45.0000  -15.000010010.1455    9.0473
    7.5000   45.0000  -15.0000 9646.4883    9.0060
   -7.5000  -45.0000   -7.500012810.0635    9.1935
    0.0000  -45.0000   -7.500013489.5762    9.1751
    7.5000  -45.0000   -7.500012941.4414    9.1355
   -7.5000  -37.5000   -7.500013300.4268    9.2649
    0.0000  -37.5000   -7.500014028.6572    9.2470
    7.5000  -37.5000   -7.500013432.1729    9.2082
   -7.5000  -30.0000   -7.500014280.6357    9.2832
    0.0000  -30.0000   -7.500015056.0771    9.2660
    7.5000  -30.0000   -7.500014398.8525    9.2269
   -7.5000  -22.5000   -7.500015282.3604    9.2200
    0.0000  -22.5000   -7.500016075.8066    9.2028
    7.5000  -22.5000   -7.500015388.1377    9.1626
   -7.5000  -15.0000   -7.500016351.4873    9.1471
    0.0000  -15.0000   -7.500017173.0996    9.1293
    7.5000  -15.0000   -7.500016473.0859    9.0882
   -7.5000   -7.5000   -7.500016885.8496    9.1257
    0.0000   -7.5000   -7.500017708.3398    9.1073
    7.5000   -7.5000   -7.500016990.3320    9.0665
   -7.5000    0.0000   -7.500017046.7676    9.1798
    0.0000    0.0000   -7.500017834.7012    9.1614
    7.5000    0.0000   -7.500017164.9961    9.1216
   -7.5000    7.5000   -7.500015862.1104    9.2649
    0.0000    7.5000   -7.500016560.5938    9.2470
    7.5000    7.5000   -7.500016002.7871    9.2082
   -7.5000   15.0000   -7.500014591.4668    9.2832
    0.0000   15.0000   -7.500015175.7588    9.2660
    7.5000   15.0000   -7.500014702.1826    9.2269
   -7.5000   22.5000   -7.500013286.9229    9.2158
    0.0000   22.5000   -7.500013794.4629    9.1985
    7.5000   22.5000   -7.500013368.1270    9.1583
   -7.5000   30.0000   -7.500012002.4238    9.0285
    0.0000   30.0000   -7.500012458.3926    9.0109
    7.5000   30.0000   -7.500012061.9307    8.9704
   -7.5000   37.5000   -7.500011244.8242    9.0073
    0.0000   37.5000   -7.500011705.8008    8.9892
    7.5000   37.5000   -7.500011309.1025    8.9489
   -7.5000   45.0000   -7.500010264.3496    9.1873
    0.0000   45.0000   -7.500010707.5898    9.1680
    7.5000   45.0000   -7.500010332.1289    9.1264
   -7.5000  -45.0000    0.000013756.7979    9.2205
    0.0000  -45.0000    0.000014554.3105    9.2020
    7.5000  -45.0000    0.000013897.9316    9.1610
   -7.5000  -37.5000    0.000014281.8936    9.2904
    0.0000  -37.5000    0.000015122.9004    9.2724
    7.5000  -37.5000    0.000014422.1621    9.2329
   -7.5000  -30.0000    0.000015340.4355    9.3068
    0.0000  -30.0000    0.000016223.2080    9.2884
    7.5000  -30.0000    0.000015465.6436    9.2486
   -7.5000  -22.5000    0.000016460.7832    9.2433
    0.0000  -22.5000    0.000017394.8047    9.2240
    7.5000  -22.5000    0.000016595.8027    9.1819
   -7.5000  -15.0000    0.000017600.4434    9.1718
    0.0000  -15.0000    0.000018673.4980    9.1518
    7.5000  -15.0000    0.000017792.5605    9.1082
   -7.5000   -7.5000    0.000018104.3281    9.1521
    0.0000   -7.5000    0.000019133.2637    9.1326
    7.5000   -7.5000    0.000018234.0664    9.0894
   -7.5000    0.0000    0.000018241.0781    9.2068
    0.0000    0.0000    0.000019187.8320    9.1882
    7.5000    0.0000    0.000018372.5371    9.1471
   -7.5000    7.5000    0.000017001.5840    9.2904
    0.0000    7.5000    0.000017845.4512    9.2724
    7.5000    7.5000    0.000017141.2363    9.2329
   -7.5000   15.0000    0.000015606.7852    9.3068
    0.0000   15.0000    0.000016330.2783    9.2884
    7.5000   15.0000    0.000015725.5010    9.2486
   -7.5000   22.5000    0.000014189.2686    9.2391
    0.0000   22.5000    0.000014820.3408    9.2197
    7.5000   22.5000    0.000014275.0039    9.1777
   -7.5000   30.0000    0.000012782.6562    9.0531
    0.0000   30.0000    0.000013327.0381    9.0334
    7.5000   30.0000    0.000012859.1885    8.9903
   -7.5000   37.5000    0.000011943.0439    9.0336
    0.0000   37.5000    0.000012470.2236    9.0144
    7.5000   37.5000    0.000012027.4102    8.9718
   -7.5000   45.0000    0.000010907.0020    9.2161
    0.0000   45.0000    0.000011385.4170    9.1968
    7.5000   45.0000    0.000010968.4609    9.1539
   -7.5000  -45.0000    7.500013582.1387    9.2172
    0.0000  -45.0000    7.500014471.3359    9.1985
    7.5000  -45.0000    7.500013745.0371    9.1558
   -7.5000  -37.5000    7.500014120.8330    9.2876
    0.0000  -37.5000    7.500015062.3613    9.2684
    7.5000  -37.5000    7.500014295.2754    9.2261
   -7.5000  -30.0000    7.500015223.5645    9.3039
    0.0000  -30.0000    7.500016205.8799    9.2833
    7.5000  -30.0000    7.500015360.3506    9.2402
   -7.5000  -22.5000    7.500016479.0625    9.2396
    0.0000  -22.5000    7.500017704.9277    9.2182
    7.5000  -22.5000    7.500016668.3652    9.1737
   -7.5000  -15.0000    7.500017622.5762    9.1675
    0.0000  -15.0000    7.500019095.0469    9.1465
    7.5000  -15.0000    7.500017881.1270    9.1016
   -7.5000   -7.5000    7.500017951.3984    9.1482
    0.0000   -7.5000    7.500019256.9141    9.1285
    7.5000   -7.5000    7.500018127.1797    9.0844
   -7.5000    0.0000    7.500018019.6523    9.2036
    0.0000    0.0000    7.500019166.8320    9.1848
    7.5000    0.0000    7.500018143.7734    9.1420
   -7.5000    7.5000    7.500016797.3535    9.2876
    0.0000    7.5000    7.500017814.3438    9.2684
    7.5000    7.5000    7.500016901.8438    9.2261
   -7.5000   15.0000    7.500015374.6289    9.3039
    0.0000   15.0000    7.500016249.7559    9.2833
    7.5000   15.0000    7.500015482.7285    9.2402
   -7.5000   22.5000    7.500013956.7480    9.2353
    0.0000   22.5000    7.500014703.5439    9.2139
    7.5000   22.5000    7.500014054.4697    9.1695
   -7.5000   30.0000    7.500012572.6523    9.0489
    0.0000   30.0000    7.500013213.0107    9.0281
    7.5000   30.0000    7.500012660.3496    8.9838
   -7.5000   37.5000    7.500011728.5801    9.0298
    0.0000   37.5000    7.500012324.7227    9.0104
    7.5000   37.5000    7.500011828.0098    8.9668
   -7.5000   45.0000    7.500010700.6543    9.2127
    0.0000   45.0000    7.500011217.7061    9.1933
    7.5000   45.0000    7.500010771.1250    9.1488
   -7.5000  -45.0000   15.000013283.5781    9.2063
    0.0000  -45.0000   15.000014214.9434    9.1877
    7.5000  -45.0000   15.000013475.6816    9.1444
   -7.5000  -37.5000   15.000013820.9697    9.2788
    0.0000  -37.5000   15.000014834.9209    9.2587
    7.5000  -37.5000   15.000014002.5000    9.2141
   -7.5000  -30.0000   15.000014920.1494    9.2967
    0.0000  -30.0000   15.000016136.1055    9.2752
    7.5000  -30.0000   15.000015107.4316    9.2296
   -7.5000  -22.5000   15.000016246.3271    9.2319
    0.0000  -22.5000   15.000018121.4844    9.2105
    7.5000  -22.5000   15.000016568.4512    9.1653
   -7.5000  -15.0000   15.000017421.0879    9.1580
    0.0000  -15.0000   15.000019483.8125    9.1380
    7.5000  -15.0000   15.000017780.8516    9.0939
   -7.5000   -7.5000   15.000017543.9180    9.1372
    0.0000   -7.5000   15.000019155.4453    9.1185
    7.5000   -7.5000   15.000017787.7109    9.0753
   -7.5000    0.0000   15.000017503.4336    9.1929
    0.0000    0.0000   15.000018798.8711    9.1742
    7.5000    0.0000   15.000017643.9629    9.1308
   -7.5000    7.5000   15.000016278.8457    9.2788
    0.0000    7.5000   15.000017380.1367    9.2587
    7.5000    7.5000   15.000016415.3789    9.2141
   -7.5000   15.0000   15.000014915.7676    9.2967
    0.0000   15.0000   15.000015843.1719    9.2752
    7.5000   15.0000   15.000015066.1328    9.2296
   -7.5000   22.5000   15.000013593.5371    9.2277
    0.0000   22.5000   15.000014343.9854    9.2063
    7.5000   22.5000   15.000013702.0020    9.1611
   -7.5000   30.0000   15.000012263.8857    9.0395
    0.0000   30.0000   15.000012898.8242    9.0197
    7.5000   30.0000   15.000012351.2832    8.9762
   -7.5000   37.5000   15.000011418.2129    9.0190
    0.0000   37.5000   15.000012013.0781    9.0005
    7.5000   37.5000   15.000011501.6406    8.9579
   -7.5000   45.0000   15.000010381.0293    9.2007
    0.0000   45.0000   15.000010909.0283    9.1813
    7.5000   45.0000   15.000010459.6113    9.1364
   -7.5000  -45.0000   22.500012780.2998    9.1975
    0.0000  -45.0000   22.500013744.6357    9.1791
    7.5000  -45.0000   22.500012962.1309    9.1373
   -7.5000  -37.5000   22.500013335.6035    9.2717
    0.0000  -37.5000   22.500014340.6855    9.2520
    7.5000  -37.5000   22.500013504.3506    9.2084
   -7.5000  -30.0000   22.500014392.2100    9.2919
    0.0000  -30.0000   22.500015566.8574    9.2718
    7.5000  -30.0000   22.500014583.3721    9.2275
   -7.5000  -22.5000   22.500015569.0947    9.2274
    0.0000  -22.5000   22.500017176.5449    9.2083
    7.5000  -22.5000   22.500015877.3750    9.1652
   -7.5000  -15.0000   22.500016600.1113    9.1518
    0.0000  -15.0000   22.500018237.1152    9.1339
    7.5000  -15.0000   22.500016908.3652    9.0926
   -7.5000   -7.5000   22.500016796.0176    9.1290
    0.0000   -7.5000   22.500018120.9902    9.1113
    7.5000   -7.5000   22.500017016.2539    9.0705
   -7.5000    0.0000   22.500016803.2773    9.1840
    0.0000    0.0000   22.500017953.4199    9.1655
    7.5000    0.0000   22.500016983.1250    9.1237
   -7.5000    7.5000   22.500015608.2012    9.2717
    0.0000    7.5000   22.500016639.9902    9.2520
    7.5000    7.5000   22.500015765.1299    9.2084
   -7.5000   15.0000   22.500014303.3760    9.2919
    0.0000   15.0000   22.500015212.7090    9.2718
    7.5000   15.0000   22.500014445.2012    9.2275
   -7.5000   22.5000   22.500013025.0088    9.2231
    0.0000   22.5000   22.500013778.4697    9.2041
    7.5000   22.5000   22.500013114.2930    9.1610
   -7.5000   30.0000   22.500011730.0801    9.0333
    0.0000   30.0000   22.500012377.8428    9.0157
    7.5000   30.0000   22.500011804.9004    8.9749
   -7.5000   37.5000   22.500010933.5869    9.0108
    0.0000   37.5000   22.500011515.4375    8.9934
    7.5000   37.5000   22.500011001.9248    8.9531
   -7.5000   45.0000   22.5000 9933.7412    9.1909
    0.0000   45.0000   22.500010425.9893    9.1715
    7.5000   45.0000   22.5000 9986.7256    9.1280
   -7.5000  -45.0000   30.000012089.2344    9.2197
    0.0000  -45.0000   30.000012778.9404    9.2013
    7.5000  -45.0000   30.000012208.1006    9.1615
   -7.5000  -37.5000   30.000012584.5664    9.2936
    0.0000  -37.5000   30.000013316.5449    9.2749
    7.5000  -37.5000   30.000012707.2734    9.2342
   -7.5000  -30.0000   30.000013554.9346    9.3141
    0.0000  -30.0000   30.000014412.0586    9.2961
    7.5000  -30.0000   30.000013707.9756    9.2550
   -7.5000  -22.5000   30.000014567.4141    9.2502
    0.0000  -22.5000   30.000015587.0967    9.2332
    7.5000  -22.5000   30.000014774.6123    9.1926
   -7.5000  -15.0000   30.000015507.8604    9.1748
    0.0000  -15.0000   30.000016496.4961    9.1581
    7.5000  -15.0000   30.000015679.7207    9.1183
   -7.5000   -7.5000   30.000015776.5059    9.1515
    0.0000   -7.5000   30.000016700.8574    9.1341
    7.5000   -7.5000   30.000015903.1738    9.0946
   -7.5000    0.0000   30.000015869.5098    9.2060
    0.0000    0.0000   30.000016791.5020    9.1876
    7.5000    0.0000   30.000015998.4521    9.1477
   -7.5000    7.5000   30.000014785.2861    9.2936
    0.0000    7.5000   30.000015653.7812    9.2749
    7.5000    7.5000   30.000014906.4990    9.2342
   -7.5000   15.0000   30.000013572.2422    9.3141
    0.0000   15.0000   30.000014349.1162    9.2961
    7.5000   15.0000   30.000013680.0947    9.2550
   -7.5000   22.5000   30.000012351.3457    9.2459
    0.0000   22.5000   30.000013021.7119    9.2289
    7.5000   22.5000   30.000012420.9180    9.1883
   -7.5000   30.0000   30.000011097.0928    9.0560
    0.0000   30.0000   30.000011706.9648    9.0396
    7.5000   30.0000   30.000011159.8545    9.0003
   -7.5000   37.5000   30.000010304.6299    9.0331
    0.0000   37.5000   30.000010863.8896    9.0159
    7.5000   37.5000   30.000010364.9688    8.9769
   -7.5000   45.0000   30.0000 9322.7627    9.2129
    0.0000   45.0000   30.0000 9817.6016    9.1935
    7.5000   45.0000   30.0000 9364.2266    9.1517
   -7.5000  -45.0000   37.500011759.7783    9.3210
    0.0000  -45.0000   37.500012329.1992    9.3026
    7.5000  -45.0000   37.500011843.1025    9.2625
   -7.5000  -37.5000   37.500012215.8242    9.3933
    0.0000  -37.5000   37.500012844.2969    9.3755
    7.5000  -37.5000   37.500012314.1768    9.3362
   -7.5000  -30.0000   37.500013124.9561    9.4120
    0.0000  -30.0000   37.500013856.9854    9.3947
    7.5000  -30.0000   37.500013245.3369    9.3552
   -7.5000  -22.5000   37.500014094.6807    9.3478
    0.0000  -22.5000   37.500014893.3359    9.3305
    7.5000  -22.5000   37.500014214.1094    9.2898
   -7.5000  -15.0000   37.500015050.8564    9.2738
    0.0000  -15.0000   37.500015846.7754    9.2559
    7.5000  -15.0000   37.500015144.8496    9.2144
   -7.5000   -7.5000   37.500015308.7217    9.2521
    0.0000   -7.5000   37.500016111.4434    9.2336
    7.5000   -7.5000   37.500015402.5234    9.1923
   -7.5000    0.0000   37.500015426.7676    9.3070
    0.0000    0.0000   37.500016245.2656    9.2885
    7.5000    0.0000   37.500015525.4922    9.2483
   -7.5000    7.5000   37.500014405.0566    9.3933
    0.0000    7.5000   37.500015177.8701    9.3755
    7.5000    7.5000   37.500014475.2393    9.3362
   -7.5000   15.0000   37.500013225.2168    9.4120
    0.0000   15.0000   37.500013921.1133    9.3947
    7.5000   15.0000   37.500013286.9473    9.3552
   -7.5000   22.5000   37.500012026.5898    9.3435
    0.0000   22.5000   37.500012642.6045    9.3262
    7.5000   22.5000   37.500012070.5000    9.2856
   -7.5000   30.0000   37.500010817.1826    9.1538
    0.0000   30.0000   37.500011382.5127    9.1361
    7.5000   30.0000   37.500010871.2188    9.0951
   -7.5000   37.5000   37.500010029.0234    9.1323
    0.0000   37.5000   37.500010539.8076    9.1141
    7.5000   37.5000   37.500010079.6475    9.0733
   -7.5000   45.0000   37.5000 9062.4854    9.3165
    0.0000   45.0000   37.5000 9512.1318    9.2972
    7.5000   45.0000   37.5000 9101.1133    9.2550
   -7.5000  -45.0000   45.000010894.6914    9.4235
    0.0000  -45.0000   45.000011410.1777    9.4049
    7.5000  -45.0000   45.000010963.7393    9.3630
   -7.5000  -37.5000   45.000011315.5527    9.4961
    0.0000  -37.5000   45.000011868.8457    9.4781
    7.5000  -37.5000   45.000011388.1602    9.4378
   -7.5000  -30.0000   45.000012135.0420    9.5134
    0.0000  -30.0000   45.000012743.7578    9.4949
    7.5000  -30.0000   45.000012221.2471    9.4544
   -7.5000  -22.5000   45.000013025.5859    9.4481
    0.0000  -22.5000   45.000013666.2871    9.4286
    7.5000  -22.5000   45.000013097.1445    9.3857
   -7.5000  -15.0000   45.000013922.1445    9.3743
    0.0000  -15.0000   45.000014593.6660    9.3541
    7.5000  -15.0000   45.000013988.9404    9.3095
   -7.5000   -7.5000   45.000014177.5879    9.3537
    0.0000   -7.5000   45.000014858.0488    9.3340
    7.5000   -7.5000   45.000014226.8535    9.2900
   -7.5000    0.0000   45.000014281.4434    9.4098
    0.0000    0.0000   45.000014986.7754    9.3911
    7.5000    0.0000   45.000014349.7441    9.3492
   -7.5000    7.5000   45.000013340.0137    9.4961
    0.0000    7.5000   45.000013986.1582    9.4781
    7.5000    7.5000   45.000013388.4453    9.4378
   -7.5000   15.0000   45.000012260.9404    9.5134
    0.0000   15.0000   45.000012861.7217    9.4949
    7.5000   15.0000   45.000012297.5859    9.4544
   -7.5000   22.5000   45.000011132.8066    9.4437
    0.0000   22.5000   45.000011680.0918    9.4242
    7.5000   22.5000   45.000011168.0166    9.3813
   -7.5000   30.0000   45.000010001.1270    9.2522
    0.0000   30.0000   45.000010494.7012    9.2323
    7.5000   30.0000   45.000010049.6426    9.1882
   -7.5000   37.5000   45.0000 9267.3105    9.2319
    0.0000   37.5000   45.0000 9718.7598    9.2125
    7.5000   37.5000   45.0000 9307.4473    9.1689
   -7.5000   45.0000   45.0000 8387.2393    9.4265
    0.0000   45.0000   45.0000 8787.3018    9.4071
    7.5000   45.0000   45.0000 8410.3984    9.3632

---------------------------------------------------------------------
imgreg_4dfp /usr/local/freesurfer/stable4//average/711-2C_as_mni_average_305 /usr/local/freesurfer/stable4//average/711-2B_as_mni_average_305_mask talsrcimg_g11 none talsrcimg_to_711-2C_as_mni_average_305_t4 4355
---------------------------------------------------------------------

$Id: imgreg_4dfp.c,v 1.3 2007/08/04 04:19:24 nicks Exp $
/usr/local/freesurfer/stable4//average/711-2C_as_mni_average_305.4dfp.img
       256       256       256         1
  1.000000  1.000000  1.000000
orientation T byte_order littleendian
Reading image: /usr/local/freesurfer/stable4//average/711-2C_as_mni_average_305.4dfp.img
dimensions:      256       256       256
mmppix:       1.0000   -1.0000   -1.0000
center:     128.0000 -129.0000 -129.0000
/usr/local/freesurfer/stable4//average/711-2B_as_mni_average_305_mask.4dfp.img
       256       256       256         1
  1.000000  1.000000  1.000000
orientation T byte_order littleendian
Reading mask: /usr/local/freesurfer/stable4//average/711-2B_as_mni_average_305_mask.4dfp.img (2306576 pixels)
talsrcimg_g11.4dfp.img
       256       256       256         1
  1.000000  1.000000  1.000000
orientation T byte_order littleendian
Reading image: talsrcimg_g11.4dfp.img
dimensions:      256       256       256
mmppix:       1.0000   -1.0000   -1.0000
center:     128.0000 -129.0000 -129.0000
rotation matrix determinant  1.000000
image alignment mode   4355 decimal     1103 hex
   -7.5000  -60.0000  -30.0000 2436.7959   11.2626
    0.0000  -60.0000  -30.0000 2457.7229   11.2035
    7.5000  -60.0000  -30.0000 2447.3203   11.2193
   -7.5000  -52.5000  -30.0000 2519.1904   10.5786
    0.0000  -52.5000  -30.0000 2537.7026   10.5147
    7.5000  -52.5000  -30.0000 2527.3428   10.5525
   -7.5000  -45.0000  -30.0000 2565.6355   10.1213
    0.0000  -45.0000  -30.0000 2580.6760   10.0326
    7.5000  -45.0000  -30.0000 2571.3799   10.0775
   -7.5000  -37.5000  -30.0000 2586.7383    9.7761
    0.0000  -37.5000  -30.0000 2604.9060    9.6782
    7.5000  -37.5000  -30.0000 2591.6587    9.7223
   -7.5000  -30.0000  -30.0000 2595.7546    9.4998
    0.0000  -30.0000  -30.0000 2611.1853    9.3905
    7.5000  -30.0000  -30.0000 2602.1550    9.4491
   -7.5000  -22.5000  -30.0000 2591.9209    9.3725
    0.0000  -22.5000  -30.0000 2607.6997    9.2580
    7.5000  -22.5000  -30.0000 2598.2046    9.3200
   -7.5000  -15.0000  -30.0000 2585.9983    9.3983
    0.0000  -15.0000  -30.0000 2603.2659    9.2804
    7.5000  -15.0000  -30.0000 2592.5796    9.3566
   -7.5000   -7.5000  -30.0000 2574.3496    9.5929
    0.0000   -7.5000  -30.0000 2594.6487    9.4576
    7.5000   -7.5000  -30.0000 2583.8506    9.5345
   -7.5000    0.0000  -30.0000 2547.8459    9.8632
    0.0000    0.0000  -30.0000 2571.8237    9.7369
    7.5000    0.0000  -30.0000 2558.3831    9.8100
   -7.5000    7.5000  -30.0000 2509.8608   10.2965
    0.0000    7.5000  -30.0000 2531.7686   10.1674
    7.5000    7.5000  -30.0000 2519.1606   10.2534
   -7.5000   15.0000  -30.0000 2452.7239   10.8704
    0.0000   15.0000  -30.0000 2474.7517   10.7426
    7.5000   15.0000  -30.0000 2462.3950   10.8230
   -7.5000   22.5000  -30.0000 2383.3396   11.6572
    0.0000   22.5000  -30.0000 2405.2070   11.5321
    7.5000   22.5000  -30.0000 2391.0393   11.5936
   -7.5000   30.0000  -30.0000 2290.6167   12.7017
    0.0000   30.0000  -30.0000 2314.2944   12.5888
    7.5000   30.0000  -30.0000 2297.0818   12.6472
   -7.5000  -60.0000  -22.5000 2537.3591   10.7230
    0.0000  -60.0000  -22.5000 2559.5005   10.6223
    7.5000  -60.0000  -22.5000 2546.8823   10.6878
   -7.5000  -52.5000  -22.5000 2622.8621   10.0422
    0.0000  -52.5000  -22.5000 2644.0251    9.9426
    7.5000  -52.5000  -22.5000 2633.0176   10.0182
   -7.5000  -45.0000  -22.5000 2671.2549    9.5996
    0.0000  -45.0000  -22.5000 2684.2659    9.5009
    7.5000  -45.0000  -22.5000 2677.2297    9.5564
   -7.5000  -37.5000  -22.5000 2697.8618    9.2472
    0.0000  -37.5000  -22.5000 2714.5183    9.1356
    7.5000  -37.5000  -22.5000 2704.2346    9.1925
   -7.5000  -30.0000  -22.5000 2710.2715    8.9492
    0.0000  -30.0000  -22.5000 2729.7473    8.8391
    7.5000  -30.0000  -22.5000 2719.8987    8.8910
   -7.5000  -22.5000  -22.5000 2712.7253    8.8111
    0.0000  -22.5000  -22.5000 2734.5950    8.6920
    7.5000  -22.5000  -22.5000 2723.4263    8.7542
   -7.5000  -15.0000  -22.5000 2710.8010    8.8284
    0.0000  -15.0000  -22.5000 2731.9224    8.6982
    7.5000  -15.0000  -22.5000 2717.6904    8.7739
   -7.5000   -7.5000  -22.5000 2701.3589    8.9911
    0.0000   -7.5000  -22.5000 2722.3796    8.8499
    7.5000   -7.5000  -22.5000 2709.5383    8.9224
   -7.5000    0.0000  -22.5000 2676.5408    9.2550
    0.0000    0.0000  -22.5000 2699.1401    9.1118
    7.5000    0.0000  -22.5000 2686.8262    9.1919
   -7.5000    7.5000  -22.5000 2637.2512    9.6735
    0.0000    7.5000  -22.5000 2658.9629    9.5190
    7.5000    7.5000  -22.5000 2647.4844    9.6081
   -7.5000   15.0000  -22.5000 2579.1672   10.2425
    0.0000   15.0000  -22.5000 2600.8909   10.0821
    7.5000   15.0000  -22.5000 2587.5371   10.1726
   -7.5000   22.5000  -22.5000 2501.5200   11.0123
    0.0000   22.5000  -22.5000 2520.5520   10.8557
    7.5000   22.5000  -22.5000 2507.3352   10.9420
   -7.5000   30.0000  -22.5000 2399.5161   12.0056
    0.0000   30.0000  -22.5000 2424.6055   11.8630
    7.5000   30.0000  -22.5000 2407.6514   11.9264
   -7.5000  -60.0000  -15.0000 2598.3621   10.1964
    0.0000  -60.0000  -15.0000 2619.9768   10.1213
    7.5000  -60.0000  -15.0000 2608.1235   10.1821
   -7.5000  -52.5000  -15.0000 2683.6016    9.5278
    0.0000  -52.5000  -15.0000 2704.8069    9.4450
    7.5000  -52.5000  -15.0000 2694.7021    9.5095
   -7.5000  -45.0000  -15.0000 2734.1548    9.0783
    0.0000  -45.0000  -15.0000 2752.6411    8.9837
    7.5000  -45.0000  -15.0000 2744.6262    9.0433
   -7.5000  -37.5000  -15.0000 2768.3723    8.7234
    0.0000  -37.5000  -15.0000 2788.5259    8.6233
    7.5000  -37.5000  -15.0000 2778.0439    8.6808
   -7.5000  -30.0000  -15.0000 2791.3213    8.4360
    0.0000  -30.0000  -15.0000 2815.9973    8.3231
    7.5000  -30.0000  -15.0000 2803.0542    8.3745
   -7.5000  -22.5000  -15.0000 2806.8103    8.2854
    0.0000  -22.5000  -15.0000 2828.5410    8.1438
    7.5000  -22.5000  -15.0000 2815.7888    8.2042
   -7.5000  -15.0000  -15.0000 2808.2246    8.3176
    0.0000  -15.0000  -15.0000 2830.4868    8.1634
    7.5000  -15.0000  -15.0000 2816.8062    8.2358
   -7.5000   -7.5000  -15.0000 2800.0142    8.4505
    0.0000   -7.5000  -15.0000 2824.0222    8.2965
    7.5000   -7.5000  -15.0000 2809.9609    8.3666
   -7.5000    0.0000  -15.0000 2777.0852    8.7027
    0.0000    0.0000  -15.0000 2801.2036    8.5462
    7.5000    0.0000  -15.0000 2788.4368    8.6117
   -7.5000    7.5000  -15.0000 2736.0957    9.1002
    0.0000    7.5000  -15.0000 2758.4373    8.9445
    7.5000    7.5000  -15.0000 2747.2710    9.0141
   -7.5000   15.0000  -15.0000 2668.8413    9.6720
    0.0000   15.0000  -15.0000 2692.2563    9.5150
    7.5000   15.0000  -15.0000 2679.0876    9.5934
   -7.5000   22.5000  -15.0000 2585.3738   10.4375
    0.0000   22.5000  -15.0000 2605.7588   10.2793
    7.5000   22.5000  -15.0000 2592.7722   10.3658
   -7.5000   30.0000  -15.0000 2479.2134   11.3985
    0.0000   30.0000  -15.0000 2502.1719   11.2352
    7.5000   30.0000  -15.0000 2489.1594   11.3189
   -7.5000  -60.0000   -7.5000 2630.3777    9.7104
    0.0000  -60.0000   -7.5000 2650.7253    9.6532
    7.5000  -60.0000   -7.5000 2645.5115    9.6931
   -7.5000  -52.5000   -7.5000 2721.9795    9.0531
    0.0000  -52.5000   -7.5000 2741.5671    8.9827
    7.5000  -52.5000   -7.5000 2735.8135    9.0233
   -7.5000  -45.0000   -7.5000 2782.6414    8.6086
    0.0000  -45.0000   -7.5000 2804.1968    8.5270
    7.5000  -45.0000   -7.5000 2797.3120    8.5683
   -7.5000  -37.5000   -7.5000 2817.4521    8.2611
    0.0000  -37.5000   -7.5000 2839.4856    8.1694
    7.5000  -37.5000   -7.5000 2829.3079    8.2155
   -7.5000  -30.0000   -7.5000 2852.5178    7.9656
    0.0000  -30.0000   -7.5000 2875.3318    7.8457
    7.5000  -30.0000   -7.5000 2862.0847    7.9024
   -7.5000  -22.5000   -7.5000 2877.5940    7.8234
    0.0000  -22.5000   -7.5000 2900.6338    7.6811
    7.5000  -22.5000   -7.5000 2886.2390    7.7379
   -7.5000  -15.0000   -7.5000 2885.4880    7.8470
    0.0000  -15.0000   -7.5000 2911.5405    7.6863
    7.5000  -15.0000   -7.5000 2896.5840    7.7622
   -7.5000   -7.5000   -7.5000 2880.2109    7.9557
    0.0000   -7.5000   -7.5000 2909.2856    7.8051
    7.5000   -7.5000   -7.5000 2891.0464    7.8775
   -7.5000    0.0000   -7.5000 2851.7510    8.2124
    0.0000    0.0000   -7.5000 2878.5432    8.0527
    7.5000    0.0000   -7.5000 2864.6965    8.1242
   -7.5000    7.5000   -7.5000 2807.8213    8.6019
    0.0000    7.5000   -7.5000 2833.2346    8.4520
    7.5000    7.5000   -7.5000 2821.0828    8.5252
   -7.5000   15.0000   -7.5000 2740.2632    9.1812
    0.0000   15.0000   -7.5000 2762.3562    9.0266
    7.5000   15.0000   -7.5000 2751.0081    9.1129
   -7.5000   22.5000   -7.5000 2651.3098    9.9257
    0.0000   22.5000   -7.5000 2674.0547    9.7711
    7.5000   22.5000   -7.5000 2661.2771    9.8587
   -7.5000   30.0000   -7.5000 2539.6262   10.8688
    0.0000   30.0000   -7.5000 2557.7136   10.7072
    7.5000   30.0000   -7.5000 2547.8818   10.7885
   -7.5000  -60.0000    0.0000 2648.5115    9.3778
    0.0000  -60.0000    0.0000 2672.1604    9.2902
    7.5000  -60.0000    0.0000 2668.4688    9.3316
   -7.5000  -52.5000    0.0000 2748.5728    8.6966
    0.0000  -52.5000    0.0000 2771.2998    8.6204
    7.5000  -52.5000    0.0000 2766.0469    8.6477
   -7.5000  -45.0000    0.0000 2817.3308    8.2441
    0.0000  -45.0000    0.0000 2839.3284    8.1733
    7.5000  -45.0000    0.0000 2833.2595    8.1982
   -7.5000  -37.5000    0.0000 2857.3853    7.8871
    0.0000  -37.5000    0.0000 2874.7000    7.8143
    7.5000  -37.5000    0.0000 2869.0061    7.8403
   -7.5000  -30.0000    0.0000 2898.0227    7.6012
    0.0000  -30.0000    0.0000 2918.4224    7.5047
    7.5000  -30.0000    0.0000 2905.2803    7.5437
   -7.5000  -22.5000    0.0000 2930.9248    7.4813
    0.0000  -22.5000    0.0000 2953.5679    7.3585
    7.5000  -22.5000    0.0000 2939.1187    7.4129
   -7.5000  -15.0000    0.0000 2944.9827    7.4845
    0.0000  -15.0000    0.0000 2975.7627    7.3442
    7.5000  -15.0000    0.0000 2960.1147    7.4175
   -7.5000   -7.5000    0.0000 2938.5146    7.5708
    0.0000   -7.5000    0.0000 2972.5542    7.4165
    7.5000   -7.5000    0.0000 2948.8616    7.5087
   -7.5000    0.0000    0.0000 2909.5889    7.8313
    0.0000    0.0000    0.0000 2936.1172    7.6797
    7.5000    0.0000    0.0000 2919.3899    7.7607
   -7.5000    7.5000    0.0000 2863.1069    8.2477
    0.0000    7.5000    0.0000 2890.8452    8.1017
    7.5000    7.5000    0.0000 2878.6738    8.1787
   -7.5000   15.0000    0.0000 2792.4209    8.8236
    0.0000   15.0000    0.0000 2817.6353    8.6633
    7.5000   15.0000    0.0000 2806.6843    8.7408
   -7.5000   22.5000    0.0000 2700.6577    9.5648
    0.0000   22.5000    0.0000 2728.6111    9.3935
    7.5000   22.5000    0.0000 2713.5708    9.4732
   -7.5000   30.0000    0.0000 2581.5674   10.4932
    0.0000   30.0000    0.0000 2602.1038   10.3107
    7.5000   30.0000    0.0000 2591.0369   10.3973
   -7.5000  -60.0000    7.5000 2656.8486    9.1041
    0.0000  -60.0000    7.5000 2679.9690    9.0549
    7.5000  -60.0000    7.5000 2675.4465    9.0592
   -7.5000  -52.5000    7.5000 2758.5449    8.4202
    0.0000  -52.5000    7.5000 2779.4551    8.3750
    7.5000  -52.5000    7.5000 2774.9180    8.3820
   -7.5000  -45.0000    7.5000 2833.8672    7.9670
    0.0000  -45.0000    7.5000 2855.8909    7.9185
    7.5000  -45.0000    7.5000 2847.6721    7.9268
   -7.5000  -37.5000    7.5000 2885.8101    7.6314
    0.0000  -37.5000    7.5000 2907.3579    7.5826
    7.5000  -37.5000    7.5000 2899.4167    7.5820
   -7.5000  -30.0000    7.5000 2936.6863    7.3763
    0.0000  -30.0000    7.5000 2960.1584    7.3255
    7.5000  -30.0000    7.5000 2945.3518    7.3229
   -7.5000  -22.5000    7.5000 2978.4812    7.2733
    0.0000  -22.5000    7.5000 3010.6584    7.2333
    7.5000  -22.5000    7.5000 2990.6484    7.2124
   -7.5000  -15.0000    7.5000 2990.4055    7.2723
    0.0000  -15.0000    7.5000 3040.7383    7.2474
    7.5000  -15.0000    7.5000 3009.6406    7.2191
   -7.5000   -7.5000    7.5000 2981.3684    7.2969
    0.0000   -7.5000    7.5000 3026.1309    7.2226
    7.5000   -7.5000    7.5000 2990.1064    7.2543
   -7.5000    0.0000    7.5000 2949.4338    7.5382
    0.0000    0.0000    7.5000 2980.0996    7.4484
    7.5000    0.0000    7.5000 2957.1699    7.4798
   -7.5000    7.5000    7.5000 2900.1494    7.9797
    0.0000    7.5000    7.5000 2933.6060    7.8702
    7.5000    7.5000    7.5000 2915.7188    7.8937
   -7.5000   15.0000    7.5000 2824.6189    8.5614
    0.0000   15.0000    7.5000 2859.3235    8.4413
    7.5000   15.0000    7.5000 2842.0242    8.4671
   -7.5000   22.5000    7.5000 2728.3198    9.2927
    0.0000   22.5000    7.5000 2760.0847    9.1710
    7.5000   22.5000    7.5000 2742.3225    9.2050
   -7.5000   30.0000    7.5000 2606.3994   10.2153
    0.0000   30.0000    7.5000 2629.2271   10.0842
    7.5000   30.0000    7.5000 2616.7268   10.1162
   -7.5000  -60.0000   15.0000 2665.7024    8.9838
    0.0000  -60.0000   15.0000 2678.6753    8.9196
    7.5000  -60.0000   15.0000 2677.1226    8.9411
   -7.5000  -52.5000   15.0000 2766.2271    8.3150
    0.0000  -52.5000   15.0000 2775.3438    8.2699
    7.5000  -52.5000   15.0000 2778.3413    8.2772
   -7.5000  -45.0000   15.0000 2836.9797    7.8652
    0.0000  -45.0000   15.0000 2859.1362    7.8495
    7.5000  -45.0000   15.0000 2853.1628    7.8303
   -7.5000  -37.5000   15.0000 2898.2351    7.5350
    0.0000  -37.5000   15.0000 2929.3352    7.5389
    7.5000  -37.5000   15.0000 2914.8809    7.5009
   -7.5000  -30.0000   15.0000 2957.5376    7.2815
    0.0000  -30.0000   15.0000 2999.3894    7.2965
    7.5000  -30.0000   15.0000 2972.8159    7.2459
   -7.5000  -22.5000   15.0000 3011.4932    7.1944
    0.0000  -22.5000   15.0000 3077.3293    7.2477
    7.5000  -22.5000   15.0000 3033.0752    7.1561
   -7.5000  -15.0000   15.0000 3018.4785    7.2210
    0.0000  -15.0000   15.0000 3092.6978    7.3602
    7.5000  -15.0000   15.0000 3050.2673    7.1793
   -7.5000   -7.5000   15.0000 3000.3552    7.1806
    0.0000   -7.5000   15.0000 3053.6157    7.1917
    7.5000   -7.5000   15.0000 3019.1914    7.1380
   -7.5000    0.0000   15.0000 2970.1804    7.3923
    0.0000    0.0000   15.0000 3003.9580    7.2942
    7.5000    0.0000   15.0000 2976.7041    7.3274
   -7.5000    7.5000   15.0000 2917.1509    7.8368
    0.0000    7.5000   15.0000 2951.5581    7.7100
    7.5000    7.5000   15.0000 2929.1411    7.7539
   -7.5000   15.0000   15.0000 2837.2639    8.4425
    0.0000   15.0000   15.0000 2871.3445    8.3086
    7.5000   15.0000   15.0000 2852.2073    8.3556
   -7.5000   22.5000   15.0000 2738.7861    9.1873
    0.0000   22.5000   15.0000 2764.0552    9.0476
    7.5000   22.5000   15.0000 2750.4866    9.1010
   -7.5000   30.0000   15.0000 2614.5852   10.1042
    0.0000   30.0000   15.0000 2635.0740    9.9582
    7.5000   30.0000   15.0000 2625.5955   10.0131
   -7.5000  -60.0000   22.5000 2669.2668    8.9862
    0.0000  -60.0000   22.5000 2686.5474    8.9717
    7.5000  -60.0000   22.5000 2678.1936    8.9710
   -7.5000  -52.5000   22.5000 2767.8811    8.3335
    0.0000  -52.5000   22.5000 2783.0828    8.3353
    7.5000  -52.5000   22.5000 2775.9905    8.3172
   -7.5000  -45.0000   22.5000 2842.0779    7.8825
    0.0000  -45.0000   22.5000 2867.8564    7.9062
    7.5000  -45.0000   22.5000 2856.6685    7.8779
   -7.5000  -37.5000   22.5000 2906.1331    7.5620
    0.0000  -37.5000   22.5000 2932.9707    7.5850
    7.5000  -37.5000   22.5000 2918.6792    7.5485
   -7.5000  -30.0000   22.5000 2962.7520    7.3233
    0.0000  -30.0000   22.5000 3005.9075    7.3240
    7.5000  -30.0000   22.5000 2979.2139    7.3032
   -7.5000  -22.5000   22.5000 3016.7468    7.2248
    0.0000  -22.5000   22.5000 3093.2888    7.2494
    7.5000  -22.5000   22.5000 3043.3455    7.2044
   -7.5000  -15.0000   22.5000 3017.8245    7.2160
    0.0000  -15.0000   22.5000 3091.2126    7.2528
    7.5000  -15.0000   22.5000 3047.3728    7.1875
   -7.5000   -7.5000   22.5000 2995.1021    7.2745
    0.0000   -7.5000   22.5000 3041.0039    7.1902
    7.5000   -7.5000   22.5000 3014.6055    7.2030
   -7.5000    0.0000   22.5000 2964.7932    7.5056
    0.0000    0.0000   22.5000 2999.4185    7.3845
    7.5000    0.0000   22.5000 2979.4514    7.4239
   -7.5000    7.5000   22.5000 2911.3088    7.8988
    0.0000    7.5000   22.5000 2946.0596    7.7811
    7.5000    7.5000   22.5000 2926.3069    7.8226
   -7.5000   15.0000   22.5000 2831.0708    8.4586
    0.0000   15.0000   22.5000 2860.7922    8.3436
    7.5000   15.0000   22.5000 2844.4832    8.3809
   -7.5000   22.5000   22.5000 2730.0627    9.1923
    0.0000   22.5000   22.5000 2747.5085    9.0582
    7.5000   22.5000   22.5000 2738.8953    9.0984
   -7.5000   30.0000   22.5000 2607.9026   10.0999
    0.0000   30.0000   22.5000 2625.6619    9.9408
    7.5000   30.0000   22.5000 2617.0693    9.9932
   -7.5000  -60.0000   30.0000 2666.1511    9.1426
    0.0000  -60.0000   30.0000 2680.7803    9.0719
    7.5000  -60.0000   30.0000 2674.8245    9.0988
   -7.5000  -52.5000   30.0000 2765.5586    8.4648
    0.0000  -52.5000   30.0000 2778.2695    8.4088
    7.5000  -52.5000   30.0000 2775.3740    8.4303
   -7.5000  -45.0000   30.0000 2841.8430    8.0122
    0.0000  -45.0000   30.0000 2858.3188    7.9495
    7.5000  -45.0000   30.0000 2852.1748    7.9753
   -7.5000  -37.5000   30.0000 2895.9812    7.6830
    0.0000  -37.5000   30.0000 2917.5732    7.6178
    7.5000  -37.5000   30.0000 2909.8347    7.6338
   -7.5000  -30.0000   30.0000 2950.9133    7.4216
    0.0000  -30.0000   30.0000 2985.7600    7.3757
    7.5000  -30.0000   30.0000 2966.3474    7.3767
   -7.5000  -22.5000   30.0000 2993.1143    7.3091
    0.0000  -22.5000   30.0000 3042.6013    7.2875
    7.5000  -22.5000   30.0000 3015.2610    7.2774
   -7.5000  -15.0000   30.0000 2991.6265    7.3243
    0.0000  -15.0000   30.0000 3037.4902    7.2407
    7.5000  -15.0000   30.0000 3011.4502    7.2733
   -7.5000   -7.5000   30.0000 2977.7349    7.4371
    0.0000   -7.5000   30.0000 3012.4785    7.3053
    7.5000   -7.5000   30.0000 2990.4150    7.3693
   -7.5000    0.0000   30.0000 2941.6187    7.7165
    0.0000    0.0000   30.0000 2975.6379    7.5804
    7.5000    0.0000   30.0000 2958.6108    7.6305
   -7.5000    7.5000   30.0000 2881.6052    8.1241
    0.0000    7.5000   30.0000 2913.2390    7.9846
    7.5000    7.5000   30.0000 2900.2549    8.0308
   -7.5000   15.0000   30.0000 2803.4460    8.6547
    0.0000   15.0000   30.0000 2826.7146    8.5199
    7.5000   15.0000   30.0000 2816.4570    8.5724
   -7.5000   22.5000   30.0000 2704.6841    9.3441
    0.0000   22.5000   30.0000 2720.7651    9.2057
    7.5000   22.5000   30.0000 2712.0652    9.2542
   -7.5000   30.0000   30.0000 2582.2849   10.2178
    0.0000   30.0000   30.0000 2603.3391   10.0669
    7.5000   30.0000   30.0000 2594.3867   10.1255
   -7.5000  -60.0000   37.5000 2654.4434    9.3551
    0.0000  -60.0000   37.5000 2665.0735    9.1990
    7.5000  -60.0000   37.5000 2662.1243    9.2767
   -7.5000  -52.5000   37.5000 2752.0103    8.6594
    0.0000  -52.5000   37.5000 2762.3872    8.5298
    7.5000  -52.5000   37.5000 2762.3337    8.5872
   -7.5000  -45.0000   37.5000 2826.4929    8.2114
    0.0000  -45.0000   37.5000 2839.3230    8.0868
    7.5000  -45.0000   37.5000 2836.7666    8.1350
   -7.5000  -37.5000   37.5000 2877.8940    7.8811
    0.0000  -37.5000   37.5000 2898.0020    7.7829
    7.5000  -37.5000   37.5000 2890.9443    7.8218
   -7.5000  -30.0000   37.5000 2923.7900    7.6339
    0.0000  -30.0000   37.5000 2952.5574    7.5669
    7.5000  -30.0000   37.5000 2934.6282    7.5874
   -7.5000  -22.5000   37.5000 2948.4609    7.5357
    0.0000  -22.5000   37.5000 2984.3899    7.4653
    7.5000  -22.5000   37.5000 2965.8982    7.4795
   -7.5000  -15.0000   37.5000 2946.8147    7.5834
    0.0000  -15.0000   37.5000 2985.2878    7.4627
    7.5000  -15.0000   37.5000 2964.7217    7.5066
   -7.5000   -7.5000   37.5000 2932.9946    7.7209
    0.0000   -7.5000   37.5000 2964.3223    7.6018
    7.5000   -7.5000   37.5000 2946.8682    7.6551
   -7.5000    0.0000   37.5000 2896.3760    8.0030
    0.0000    0.0000   37.5000 2927.9299    7.8879
    7.5000    0.0000   37.5000 2913.2214    7.9260
   -7.5000    7.5000   37.5000 2837.8611    8.4048
    0.0000    7.5000   37.5000 2864.8254    8.2864
    7.5000    7.5000   37.5000 2852.0310    8.3195
   -7.5000   15.0000   37.5000 2760.9458    8.9251
    0.0000   15.0000   37.5000 2778.6758    8.7833
    7.5000   15.0000   37.5000 2770.7336    8.8355
   -7.5000   22.5000   37.5000 2662.3936    9.6182
    0.0000   22.5000   37.5000 2680.4841    9.4725
    7.5000   22.5000   37.5000 2670.8345    9.5194
   -7.5000   30.0000   37.5000 2543.6738   10.4999
    0.0000   30.0000   37.5000 2564.7405   10.3319
    7.5000   30.0000   37.5000 2557.4727   10.3850
   -7.5000  -60.0000   45.0000 2628.6240    9.6748
    0.0000  -60.0000   45.0000 2635.7305    9.4524
    7.5000  -60.0000   45.0000 2636.6594    9.5666
   -7.5000  -52.5000   45.0000 2725.3213    8.9568
    0.0000  -52.5000   45.0000 2738.6160    8.7760
    7.5000  -52.5000   45.0000 2735.0266    8.8636
   -7.5000  -45.0000   45.0000 2799.3413    8.5046
    0.0000  -45.0000   45.0000 2816.8630    8.3503
    7.5000  -45.0000   45.0000 2811.1047    8.4173
   -7.5000  -37.5000   45.0000 2848.2131    8.2034
    0.0000  -37.5000   45.0000 2870.2786    8.0688
    7.5000  -37.5000   45.0000 2859.6458    8.1241
   -7.5000  -30.0000   45.0000 2880.9646    7.9626
    0.0000  -30.0000   45.0000 2905.3494    7.8386
    7.5000  -30.0000   45.0000 2892.7954    7.8853
   -7.5000  -22.5000   45.0000 2896.3132    7.8887
    0.0000  -22.5000   45.0000 2928.6904    7.7545
    7.5000  -22.5000   45.0000 2912.0623    7.7935
   -7.5000  -15.0000   45.0000 2888.2715    7.9519
    0.0000  -15.0000   45.0000 2925.1025    7.8232
    7.5000  -15.0000   45.0000 2906.6646    7.8691
   -7.5000   -7.5000   45.0000 2872.7085    8.1234
    0.0000   -7.5000   45.0000 2899.8027    7.9972
    7.5000   -7.5000   45.0000 2885.3787    8.0393
   -7.5000    0.0000   45.0000 2833.6145    8.4012
    0.0000    0.0000   45.0000 2862.6431    8.2825
    7.5000    0.0000   45.0000 2851.9041    8.3148
   -7.5000    7.5000   45.0000 2780.4353    8.7859
    0.0000    7.5000   45.0000 2800.5637    8.6741
    7.5000    7.5000   45.0000 2793.7200    8.6985
   -7.5000   15.0000   45.0000 2702.0305    9.3035
    0.0000   15.0000   45.0000 2719.3762    9.1613
    7.5000   15.0000   45.0000 2713.0437    9.1976
   -7.5000   22.5000   45.0000 2606.6326    9.9825
    0.0000   22.5000   45.0000 2626.4041    9.8281
    7.5000   22.5000   45.0000 2618.2251    9.8751
   -7.5000   30.0000   45.0000 2486.2329   10.8710
    0.0000   30.0000   45.0000 2504.8936   10.7124
    7.5000   30.0000   45.0000 2502.2417   10.7611
   -7.5000  -60.0000   52.5000 2588.2043   10.1131
    0.0000  -60.0000   52.5000 2594.5190    9.8436
    7.5000  -60.0000   52.5000 2594.7869    9.9927
   -7.5000  -52.5000   52.5000 2685.3721    9.3706
    0.0000  -52.5000   52.5000 2700.7378    9.1386
    7.5000  -52.5000   52.5000 2699.3206    9.2576
   -7.5000  -45.0000   52.5000 2755.4231    8.9054
    0.0000  -45.0000   52.5000 2776.3164    8.7175
    7.5000  -45.0000   52.5000 2769.3064    8.8096
   -7.5000  -37.5000   52.5000 2799.8091    8.6041
    0.0000  -37.5000   52.5000 2825.3496    8.4345
    7.5000  -37.5000   52.5000 2813.2886    8.5168
   -7.5000  -30.0000   52.5000 2825.1682    8.3870
    0.0000  -30.0000   52.5000 2854.4653    8.2232
    7.5000  -30.0000   52.5000 2841.8030    8.2881
   -7.5000  -22.5000   52.5000 2837.0269    8.3155
    0.0000  -22.5000   52.5000 2869.3755    8.1440
    7.5000  -22.5000   52.5000 2853.1804    8.2078
   -7.5000  -15.0000   52.5000 2824.3494    8.4154
    0.0000  -15.0000   52.5000 2854.8479    8.2641
    7.5000  -15.0000   52.5000 2836.9800    8.3307
   -7.5000   -7.5000   52.5000 2801.4910    8.6154
    0.0000   -7.5000   52.5000 2825.7056    8.4591
    7.5000   -7.5000   52.5000 2813.5325    8.5237
   -7.5000    0.0000   52.5000 2760.4495    8.8845
    0.0000    0.0000   52.5000 2787.4688    8.7372
    7.5000    0.0000   52.5000 2778.2610    8.7850
   -7.5000    7.5000   52.5000 2709.0681    9.2538
    0.0000    7.5000   52.5000 2726.1296    9.1301
    7.5000    7.5000   52.5000 2721.0635    9.1663
   -7.5000   15.0000   52.5000 2632.5747    9.7670
    0.0000   15.0000   52.5000 2652.2214    9.6303
    7.5000   15.0000   52.5000 2645.0234    9.6683
   -7.5000   22.5000   52.5000 2538.0925   10.4411
    0.0000   22.5000   52.5000 2561.4778   10.2858
    7.5000   22.5000   52.5000 2550.7581   10.3387
   -7.5000   30.0000   52.5000 2418.2656   11.3398
    0.0000   30.0000   52.5000 2441.0852   11.1933
    7.5000   30.0000   52.5000 2433.4634   11.2385
   -7.5000  -60.0000   60.0000 2508.7329   10.5879
    0.0000  -60.0000   60.0000 2527.2056   10.3403
    7.5000  -60.0000   60.0000 2522.6558   10.4766
   -7.5000  -52.5000   60.0000 2604.8857    9.8208
    0.0000  -52.5000   60.0000 2625.9617    9.6013
    7.5000  -52.5000   60.0000 2621.4915    9.7126
   -7.5000  -45.0000   60.0000 2673.8877    9.3562
    0.0000  -45.0000   60.0000 2698.6750    9.1685
    7.5000  -45.0000   60.0000 2691.4475    9.2594
   -7.5000  -37.5000   60.0000 2708.4114    9.0677
    0.0000  -37.5000   60.0000 2737.3386    8.8923
    7.5000  -37.5000   60.0000 2727.4172    8.9773
   -7.5000  -30.0000   60.0000 2728.7007    8.8626
    0.0000  -30.0000   60.0000 2757.2039    8.6825
    7.5000  -30.0000   60.0000 2747.4592    8.7560
   -7.5000  -22.5000   60.0000 2740.2051    8.7862
    0.0000  -22.5000   60.0000 2771.2185    8.6036
    7.5000  -22.5000   60.0000 2756.4302    8.6833
   -7.5000  -15.0000   60.0000 2730.0774    8.8946
    0.0000  -15.0000   60.0000 2760.6951    8.7319
    7.5000  -15.0000   60.0000 2745.3518    8.8094
   -7.5000   -7.5000   60.0000 2701.0989    9.1294
    0.0000   -7.5000   60.0000 2729.0059    8.9554
    7.5000   -7.5000   60.0000 2716.5464    9.0291
   -7.5000    0.0000   60.0000 2662.4629    9.3960
    0.0000    0.0000   60.0000 2684.6902    9.2304
    7.5000    0.0000   60.0000 2678.2104    9.2917
   -7.5000    7.5000   60.0000 2607.9490    9.7813
    0.0000    7.5000   60.0000 2627.6484    9.6215
    7.5000    7.5000   60.0000 2622.0776    9.6700
   -7.5000   15.0000   60.0000 2531.8516   10.2894
    0.0000   15.0000   60.0000 2554.7410   10.1505
    7.5000   15.0000   60.0000 2546.6206   10.1779
   -7.5000   22.5000   60.0000 2439.8430   10.9651
    0.0000   22.5000   60.0000 2464.4824   10.8134
    7.5000   22.5000   60.0000 2456.3567   10.8508
   -7.5000   30.0000   60.0000 2322.3501   11.8713
    0.0000   30.0000   60.0000 2345.1387   11.7166
    7.5000   30.0000   60.0000 2338.2229   11.7570

---------------------------------------------------------------------
imgreg_4dfp /usr/local/freesurfer/stable4//average/711-2C_as_mni_average_305 /usr/local/freesurfer/stable4//average/711-2B_as_mni_average_305_mask talsrcimg_g11 none talsrcimg_to_711-2C_as_mni_average_305_t4 1283
---------------------------------------------------------------------

$Id: imgreg_4dfp.c,v 1.3 2007/08/04 04:19:24 nicks Exp $
/usr/local/freesurfer/stable4//average/711-2C_as_mni_average_305.4dfp.img
       256       256       256         1
  1.000000  1.000000  1.000000
orientation T byte_order littleendian
Reading image: /usr/local/freesurfer/stable4//average/711-2C_as_mni_average_305.4dfp.img
dimensions:      256       256       256
mmppix:       1.0000   -1.0000   -1.0000
center:     128.0000 -129.0000 -129.0000
/usr/local/freesurfer/stable4//average/711-2B_as_mni_average_305_mask.4dfp.img
       256       256       256         1
  1.000000  1.000000  1.000000
orientation T byte_order littleendian
Reading mask: /usr/local/freesurfer/stable4//average/711-2B_as_mni_average_305_mask.4dfp.img (2306576 pixels)
talsrcimg_g11.4dfp.img
       256       256       256         1
  1.000000  1.000000  1.000000
orientation T byte_order littleendian
Reading image: talsrcimg_g11.4dfp.img
dimensions:      256       256       256
mmppix:       1.0000   -1.0000   -1.0000
center:     128.0000 -129.0000 -129.0000
rotation matrix determinant  1.000000
$Id: fimgreg.f,v 1.1 2007/05/04 22:33:59 nicks Exp $
image alignment mode   1283 decimal      503 hex
parameters
    0.0000  -22.5000   22.5000    0.0000    0.0000    0.0000
eta,q 0.96966  7.26204
niter,ni,del,rscale     5    3   12.0000    1.2000
parameter  2 -0.830563 -> -0.500000 qaram    1.1500
parameter  3  0.558517 ->  0.500000 qaram    1.1500
parameters
    0.9824  -19.0500   19.0500    1.2086    0.2663   -0.0455
eta,q 0.97495  7.34794
  0.0510  0.0502  0.0271  0.0335  0.0351  0.0320
  0.0428  0.0449  0.0257  0.0309  0.0304  0.0285
  0.0360  0.0386  0.0259  0.0279  0.0269  0.0259
  0.0330  0.0331  0.0277  0.0257  0.0252  0.0251
  0.0338  0.0291  0.0314  0.0254  0.0259  0.0260
  0.0365  0.0275  0.0363  0.0272  0.0291  0.0286
  0.0423  0.0296  0.0423  0.0297  0.0338  0.0322
niter,ni,del,rscale     6    3   12.0000    1.2000
parameters
    1.0108  -18.4245   19.3495    1.1489    0.2627   -0.0601
eta,q 0.97487  7.34590
  0.0420  0.0420  0.0351  0.0309  0.0344  0.0319
  0.0332  0.0340  0.0297  0.0286  0.0299  0.0284
  0.0267  0.0275  0.0264  0.0260  0.0265  0.0259
  0.0251  0.0251  0.0252  0.0251  0.0251  0.0251
  0.0270  0.0268  0.0257  0.0263  0.0263  0.0260
  0.0329  0.0311  0.0285  0.0286  0.0298  0.0285
  0.0416  0.0364  0.0336  0.0311  0.0346  0.0320
niter,ni,del,rscale     5    3   12.0000    1.2000
parameters
    1.0250  -18.3379   19.3131    1.0833    0.2536   -0.0585
eta,q 0.97483  7.34666
  0.0418  0.0400  0.0342  0.0308  0.0344  0.0320
  0.0332  0.0320  0.0291  0.0286  0.0299  0.0285
  0.0267  0.0264  0.0261  0.0261  0.0265  0.0259
  0.0251  0.0251  0.0252  0.0252  0.0252  0.0252
  0.0271  0.0278  0.0260  0.0264  0.0263  0.0260
  0.0330  0.0326  0.0291  0.0286  0.0298  0.0285
  0.0415  0.0380  0.0346  0.0311  0.0347  0.0319
niter,ni,del,rscale     4    3   12.0000    1.2000
parameters
    1.0304  -18.3014   19.2952    1.0470    0.2472   -0.0558
eta,q 0.97482  7.34698
  0.0417  0.0397  0.0343  0.0308  0.0345  0.0320
  0.0332  0.0317  0.0292  0.0287  0.0299  0.0285
  0.0267  0.0263  0.0262  0.0261  0.0266  0.0259
  0.0252  0.0252  0.0252  0.0252  0.0252  0.0252
  0.0272  0.0279  0.0260  0.0263  0.0263  0.0260
  0.0331  0.0327  0.0291  0.0285  0.0298  0.0285
  0.0416  0.0380  0.0346  0.0310  0.0347  0.0319
registration optimization eta report
parameter search radius
    6.0000    6.9000    6.9000    6.0000    6.0000    6.0000
100000*second partial in parameter space
       46.       28.       20.       15.       26.       19.
  0.0417  0.0397  0.0343  0.0308  0.0345  0.0320
  0.0332  0.0317  0.0292  0.0287  0.0299  0.0285
  0.0267  0.0263  0.0262  0.0261  0.0266  0.0259
  0.0252  0.0252  0.0252  0.0252  0.0252  0.0252
  0.0272  0.0279  0.0260  0.0263  0.0263  0.0260
  0.0331  0.0327  0.0291  0.0285  0.0298  0.0285
  0.0416  0.0380  0.0346  0.0310  0.0347  0.0319
    1.0304  -18.3014   19.2952    1.0470    0.2472   -0.0558
eta,q 0.97482  7.34698

---------------------------------------------------------------------
imgreg_4dfp /usr/local/freesurfer/stable4//average/711-2C_as_mni_average_305 /usr/local/freesurfer/stable4//average/711-2B_as_mni_average_305_mask talsrcimg_g11 none talsrcimg_to_711-2C_as_mni_average_305_t4 3335
---------------------------------------------------------------------

$Id: imgreg_4dfp.c,v 1.3 2007/08/04 04:19:24 nicks Exp $
/usr/local/freesurfer/stable4//average/711-2C_as_mni_average_305.4dfp.img
       256       256       256         1
  1.000000  1.000000  1.000000
orientation T byte_order littleendian
Reading image: /usr/local/freesurfer/stable4//average/711-2C_as_mni_average_305.4dfp.img
dimensions:      256       256       256
mmppix:       1.0000   -1.0000   -1.0000
center:     128.0000 -129.0000 -129.0000
/usr/local/freesurfer/stable4//average/711-2B_as_mni_average_305_mask.4dfp.img
       256       256       256         1
  1.000000  1.000000  1.000000
orientation T byte_order littleendian
Reading mask: /usr/local/freesurfer/stable4//average/711-2B_as_mni_average_305_mask.4dfp.img (2306576 pixels)
talsrcimg_g11.4dfp.img
       256       256       256         1
  1.000000  1.000000  1.000000
orientation T byte_order littleendian
Reading image: talsrcimg_g11.4dfp.img
dimensions:      256       256       256
mmppix:       1.0000   -1.0000   -1.0000
center:     128.0000 -129.0000 -129.0000
$Id: fimgreg.f,v 1.1 2007/05/04 22:33:59 nicks Exp $
image alignment mode   3335 decimal      D07 hex
parameters
    1.0304  -18.3014   19.2952   -0.0010   -0.0167   -0.0176
    0.0895   -0.4331   -0.0973   -1.8268    0.4314    1.8272
eta,q 0.97576  7.32403
niter,ni,del,rscale     5    3    5.0000    1.2000
parameter  4 -0.516562 -> -0.500000 qaram    1.1500
parameter  5 -0.799708 -> -0.500000 qaram    1.1500
parameters
    1.1058  -19.1184   20.0859    4.1390    4.1233    1.5432
    0.9744   -0.1682   -0.3857   -2.9573    0.7481    0.0363
eta,q 0.97975  7.56963
  0.0271  0.0248  0.0262  0.0283  0.0280  0.0253  0.0248  0.0264  0.0226  0.0228  0.0224  0.0213
  0.0255  0.0241  0.0252  0.0267  0.0261  0.0237  0.0227  0.0233  0.0214  0.0214  0.0213  0.0206
  0.0246  0.0240  0.0244  0.0251  0.0243  0.0221  0.0212  0.0213  0.0206  0.0205  0.0206  0.0203
  0.0242  0.0242  0.0240  0.0238  0.0227  0.0210  0.0205  0.0205  0.0204  0.0204  0.0204  0.0203
  0.0245  0.0249  0.0238  0.0229  0.0214  0.0204  0.0206  0.0209  0.0208  0.0213  0.0205  0.0209
  0.0253  0.0258  0.0240  0.0228  0.0210  0.0209  0.0215  0.0227  0.0216  0.0227  0.0211  0.0218
  0.0268  0.0269  0.0244  0.0240  0.0216  0.0232  0.0232  0.0256  0.0229  0.0249  0.0221  0.0231
niter,ni,del,rscale     6    3    5.0000    1.2000
parameters
    1.0720  -19.0194   19.1457    2.8152    4.9137    1.7474
    1.2137   -0.2224   -0.3157   -2.6596    0.6910   -1.0350
eta,q 0.98027  7.59267
  0.0243  0.0233  0.0207  0.0241  0.0253  0.0236  0.0233  0.0250  0.0221  0.0232  0.0216  0.0210
  0.0220  0.0217  0.0201  0.0221  0.0231  0.0222  0.0215  0.0222  0.0208  0.0215  0.0206  0.0202
  0.0207  0.0207  0.0199  0.0205  0.0212  0.0210  0.0202  0.0203  0.0200  0.0203  0.0200  0.0198
  0.0203  0.0202  0.0202  0.0199  0.0200  0.0199  0.0198  0.0198  0.0197  0.0198  0.0197  0.0198
  0.0208  0.0205  0.0210  0.0214  0.0200  0.0194  0.0201  0.0204  0.0200  0.0201  0.0200  0.0201
  0.0222  0.0214  0.0222  0.0245  0.0213  0.0208  0.0212  0.0222  0.0208  0.0210  0.0206  0.0209
  0.0245  0.0228  0.0237  0.0280  0.0241  0.0243  0.0229  0.0252  0.0220  0.0227  0.0217  0.0221
niter,ni,del,rscale     5    3    5.0000    1.2000
parameters
    1.0733  -18.7883   19.0407    2.4953    5.0589    1.8964
    1.2404   -0.2278   -0.2794   -2.3294    0.6203   -1.5658
eta,q 0.98032  7.59772
  0.0238  0.0230  0.0216  0.0249  0.0247  0.0234  0.0231  0.0250  0.0220  0.0231  0.0215  0.0212
  0.0215  0.0214  0.0205  0.0228  0.0226  0.0221  0.0212  0.0221  0.0208  0.0214  0.0205  0.0203
  0.0201  0.0203  0.0198  0.0209  0.0208  0.0210  0.0201  0.0203  0.0200  0.0201  0.0199  0.0198
  0.0197  0.0197  0.0197  0.0197  0.0198  0.0198  0.0197  0.0197  0.0197  0.0197  0.0197  0.0197
  0.0202  0.0198  0.0200  0.0202  0.0201  0.0193  0.0201  0.0203  0.0199  0.0200  0.0199  0.0200
  0.0216  0.0206  0.0208  0.0229  0.0217  0.0208  0.0212  0.0221  0.0207  0.0209  0.0205  0.0207
  0.0237  0.0220  0.0219  0.0264  0.0250  0.0244  0.0230  0.0250  0.0220  0.0226  0.0216  0.0218
niter,ni,del,rscale     4    3    5.0000    1.2000
parameters
    1.0744  -18.7074   18.9989    2.4224    5.0927    1.9363
    1.2446   -0.2208   -0.2493   -2.1779    0.5843   -1.7514
eta,q 0.98033  7.59924
  0.0237  0.0226  0.0217  0.0250  0.0246  0.0234  0.0230  0.0250  0.0220  0.0230  0.0215  0.0214
  0.0214  0.0211  0.0206  0.0229  0.0225  0.0221  0.0212  0.0221  0.0207  0.0212  0.0205  0.0204
  0.0201  0.0201  0.0199  0.0210  0.0206  0.0209  0.0200  0.0203  0.0199  0.0200  0.0199  0.0199
  0.0197  0.0197  0.0197  0.0197  0.0197  0.0197  0.0197  0.0197  0.0197  0.0197  0.0197  0.0197
  0.0202  0.0199  0.0200  0.0200  0.0201  0.0193  0.0200  0.0202  0.0199  0.0201  0.0199  0.0199
  0.0215  0.0208  0.0207  0.0225  0.0217  0.0209  0.0212  0.0221  0.0207  0.0210  0.0205  0.0205
  0.0236  0.0222  0.0219  0.0260  0.0252  0.0246  0.0230  0.0250  0.0220  0.0227  0.0215  0.0216
niter,ni,del,rscale     3    3    5.0000    1.2000
parameters
    1.0756  -18.6742   18.9861    2.4061    5.0946    1.9470
    1.2449   -0.2163   -0.2383   -2.1179    0.5710   -1.8163
eta,q 0.98033  7.59964
  0.0237  0.0224  0.0218  0.0251  0.0246  0.0234  0.0230  0.0250  0.0220  0.0229  0.0215  0.0214
  0.0214  0.0210  0.0206  0.0230  0.0224  0.0221  0.0212  0.0221  0.0207  0.0212  0.0205  0.0205
  0.0201  0.0200  0.0199  0.0210  0.0206  0.0209  0.0200  0.0203  0.0199  0.0200  0.0199  0.0199
  0.0197  0.0197  0.0197  0.0197  0.0197  0.0197  0.0197  0.0197  0.0197  0.0197  0.0197  0.0197
  0.0201  0.0199  0.0199  0.0199  0.0200  0.0193  0.0200  0.0202  0.0199  0.0201  0.0199  0.0199
  0.0215  0.0208  0.0207  0.0224  0.0217  0.0210  0.0212  0.0221  0.0207  0.0211  0.0205  0.0205
  0.0236  0.0223  0.0218  0.0259  0.0252  0.0246  0.0230  0.0250  0.0220  0.0228  0.0215  0.0215
niter,ni,del,rscale     2    3    5.0000    1.2000
parameters
    1.0758  -18.6627   18.9804    2.4045    5.0947    1.9472
    1.2456   -0.2144   -0.2326   -2.0955    0.5660   -1.8381
eta,q 0.98033  7.59972
  0.0237  0.0224  0.0218  0.0251  0.0246  0.0234  0.0230  0.0250  0.0220  0.0229  0.0215  0.0214
  0.0214  0.0209  0.0206  0.0230  0.0224  0.0221  0.0212  0.0221  0.0207  0.0211  0.0205  0.0205
  0.0201  0.0200  0.0199  0.0210  0.0206  0.0209  0.0201  0.0203  0.0199  0.0200  0.0199  0.0199
  0.0197  0.0197  0.0197  0.0197  0.0197  0.0197  0.0197  0.0197  0.0197  0.0197  0.0197  0.0197
  0.0201  0.0199  0.0199  0.0199  0.0200  0.0193  0.0200  0.0202  0.0199  0.0201  0.0199  0.0199
  0.0215  0.0209  0.0207  0.0224  0.0217  0.0210  0.0212  0.0221  0.0207  0.0211  0.0205  0.0205
  0.0236  0.0224  0.0218  0.0259  0.0252  0.0247  0.0230  0.0250  0.0220  0.0228  0.0215  0.0215
registration optimization eta report
parameter search radius
    2.4000    2.4000    2.4000    8.2800    8.2800    7.2000
    7.2000    7.2000    7.2000    7.2000    7.2000    7.2000
100000*second partial in parameter space
       69.       47.       37.        8.        8.        8.
        6.       10.        4.        6.        4.        3.
  0.0237  0.0224  0.0218  0.0251  0.0246  0.0234  0.0230  0.0250  0.0220  0.0229  0.0215  0.0214
  0.0214  0.0209  0.0206  0.0230  0.0224  0.0221  0.0212  0.0221  0.0207  0.0211  0.0205  0.0205
  0.0201  0.0200  0.0199  0.0210  0.0206  0.0209  0.0201  0.0203  0.0199  0.0200  0.0199  0.0199
  0.0197  0.0197  0.0197  0.0197  0.0197  0.0197  0.0197  0.0197  0.0197  0.0197  0.0197  0.0197
  0.0201  0.0199  0.0199  0.0199  0.0200  0.0193  0.0200  0.0202  0.0199  0.0201  0.0199  0.0199
  0.0215  0.0209  0.0207  0.0224  0.0217  0.0210  0.0212  0.0221  0.0207  0.0211  0.0205  0.0205
  0.0236  0.0224  0.0218  0.0259  0.0252  0.0247  0.0230  0.0250  0.0220  0.0228  0.0215  0.0215
    1.0758  -18.6627   18.9804    2.4045    5.0947    1.9472
    1.2456   -0.2144   -0.2326   -2.0955    0.5660   -1.8381
eta,q 0.98033  7.59972

---------------------------------------------------------------------
imgreg_4dfp /usr/local/freesurfer/stable4//average/711-2C_as_mni_average_305 /usr/local/freesurfer/stable4//average/711-2B_as_mni_average_305_mask talsrcimg_g11 none talsrcimg_to_711-2C_as_mni_average_305_t4 2311
---------------------------------------------------------------------

$Id: imgreg_4dfp.c,v 1.3 2007/08/04 04:19:24 nicks Exp $
/usr/local/freesurfer/stable4//average/711-2C_as_mni_average_305.4dfp.img
       256       256       256         1
  1.000000  1.000000  1.000000
orientation T byte_order littleendian
Reading image: /usr/local/freesurfer/stable4//average/711-2C_as_mni_average_305.4dfp.img
dimensions:      256       256       256
mmppix:       1.0000   -1.0000   -1.0000
center:     128.0000 -129.0000 -129.0000
/usr/local/freesurfer/stable4//average/711-2B_as_mni_average_305_mask.4dfp.img
       256       256       256         1
  1.000000  1.000000  1.000000
orientation T byte_order littleendian
Reading mask: /usr/local/freesurfer/stable4//average/711-2B_as_mni_average_305_mask.4dfp.img (2306576 pixels)
talsrcimg_g11.4dfp.img
       256       256       256         1
  1.000000  1.000000  1.000000
orientation T byte_order littleendian
Reading image: talsrcimg_g11.4dfp.img
dimensions:      256       256       256
mmppix:       1.0000   -1.0000   -1.0000
center:     128.0000 -129.0000 -129.0000
$Id: fimgreg.f,v 1.1 2007/05/04 22:33:59 nicks Exp $
image alignment mode   2311 decimal      907 hex
parameters
    1.0758  -18.6627   18.9804    2.4045    5.0947    1.9472
    1.2456   -0.2144   -0.2326   -2.0955    0.5660   -1.8381
eta,q 0.98033  7.59972
niter,ni,del,rscale     5    3    5.0000    0.8000
parameters
    1.0551  -18.6385   18.9478    3.0628    5.5154    2.7915
    1.1252   -0.1833   -0.3246   -2.3987    0.6357   -2.4452
eta,q 0.98083  7.63475
  0.0214  0.0209  0.0206  0.0225  0.0217  0.0219  0.0208  0.0222  0.0203  0.0207  0.0202  0.0199
  0.0204  0.0203  0.0201  0.0213  0.0207  0.0212  0.0199  0.0206  0.0197  0.0198  0.0197  0.0194
  0.0198  0.0198  0.0198  0.0203  0.0199  0.0203  0.0194  0.0196  0.0193  0.0193  0.0193  0.0192
  0.0197  0.0197  0.0197  0.0197  0.0195  0.0195  0.0192  0.0192  0.0192  0.0192  0.0192  0.0192
  0.0199  0.0198  0.0198  0.0195  0.0196  0.0191  0.0194  0.0195  0.0194  0.0195  0.0193  0.0194
  0.0205  0.0202  0.0201  0.0201  0.0201  0.0196  0.0200  0.0205  0.0198  0.0201  0.0196  0.0198
  0.0215  0.0209  0.0207  0.0215  0.0211  0.0211  0.0210  0.0221  0.0204  0.0210  0.0202  0.0203
niter,ni,del,rscale     4    3    5.0000    0.7000
parameters
    1.0236  -18.6293   18.8984    2.9673    5.5900    3.0431
    1.1244   -0.1723   -0.3719   -2.3681    0.6667   -2.6378
eta,q 0.98088  7.64011
  0.0206  0.0202  0.0200  0.0212  0.0208  0.0213  0.0205  0.0215  0.0200  0.0205  0.0200  0.0198
  0.0198  0.0196  0.0195  0.0202  0.0200  0.0206  0.0197  0.0202  0.0195  0.0197  0.0195  0.0194
  0.0193  0.0193  0.0192  0.0195  0.0194  0.0198  0.0193  0.0194  0.0192  0.0192  0.0192  0.0192
  0.0192  0.0192  0.0192  0.0192  0.0192  0.0192  0.0191  0.0191  0.0191  0.0191  0.0191  0.0191
  0.0194  0.0193  0.0193  0.0193  0.0194  0.0191  0.0193  0.0194  0.0192  0.0193  0.0192  0.0192
  0.0199  0.0196  0.0196  0.0202  0.0199  0.0198  0.0197  0.0202  0.0195  0.0197  0.0195  0.0195
  0.0207  0.0202  0.0201  0.0216  0.0207  0.0213  0.0205  0.0215  0.0200  0.0204  0.0199  0.0199
niter,ni,del,rscale     3    3    5.0000    0.6000
parameters
    1.0161  -18.6018   18.9048    2.9837    5.5788    3.2474
    1.1341   -0.1750   -0.4066   -2.3968    0.6905   -2.7388
eta,q 0.98092  7.64312
  0.0202  0.0199  0.0198  0.0207  0.0203  0.0209  0.0201  0.0208  0.0197  0.0201  0.0197  0.0196
  0.0196  0.0195  0.0194  0.0200  0.0197  0.0203  0.0195  0.0199  0.0194  0.0195  0.0194  0.0193
  0.0192  0.0192  0.0192  0.0194  0.0193  0.0196  0.0192  0.0193  0.0192  0.0192  0.0192  0.0191
  0.0191  0.0191  0.0191  0.0191  0.0191  0.0191  0.0191  0.0191  0.0191  0.0191  0.0191  0.0191
  0.0193  0.0192  0.0192  0.0192  0.0193  0.0191  0.0192  0.0193  0.0192  0.0193  0.0191  0.0191
  0.0197  0.0194  0.0194  0.0198  0.0197  0.0197  0.0195  0.0199  0.0194  0.0196  0.0194  0.0193
  0.0202  0.0198  0.0198  0.0208  0.0203  0.0208  0.0201  0.0209  0.0198  0.0201  0.0197  0.0197
niter,ni,del,rscale     2    3    5.0000    0.5000
parameters
    1.0038  -18.5935   18.9180    3.0181    5.5492    3.4132
    1.1303   -0.1701   -0.4271   -2.4547    0.7108   -2.7838
eta,q 0.98094  7.64501
  0.0199  0.0196  0.0196  0.0203  0.0199  0.0205  0.0197  0.0203  0.0195  0.0198  0.0195  0.0194
  0.0194  0.0193  0.0193  0.0197  0.0195  0.0199  0.0194  0.0196  0.0193  0.0193  0.0193  0.0192
  0.0192  0.0192  0.0191  0.0193  0.0192  0.0194  0.0191  0.0192  0.0191  0.0191  0.0191  0.0191
  0.0191  0.0191  0.0191  0.0191  0.0191  0.0191  0.0191  0.0191  0.0191  0.0191  0.0191  0.0191
  0.0192  0.0191  0.0191  0.0192  0.0192  0.0191  0.0191  0.0192  0.0191  0.0192  0.0191  0.0191
  0.0195  0.0193  0.0193  0.0196  0.0195  0.0195  0.0194  0.0196  0.0193  0.0194  0.0192  0.0192
  0.0199  0.0196  0.0196  0.0203  0.0200  0.0204  0.0198  0.0203  0.0195  0.0198  0.0195  0.0195
niter,ni,del,rscale     1    3    5.0000    0.4000
parameters
    0.9950  -18.5919   18.9398    3.0576    5.5103    3.5373
    1.1358   -0.1661   -0.4441   -2.5226    0.7083   -2.8142
eta,q 0.98096  7.64601
  0.0196  0.0194  0.0194  0.0198  0.0196  0.0201  0.0195  0.0199  0.0193  0.0195  0.0193  0.0193
  0.0193  0.0192  0.0192  0.0195  0.0193  0.0196  0.0192  0.0194  0.0192  0.0192  0.0192  0.0191
  0.0191  0.0191  0.0191  0.0192  0.0191  0.0192  0.0191  0.0191  0.0191  0.0191  0.0191  0.0191
  0.0191  0.0191  0.0191  0.0191  0.0191  0.0191  0.0190  0.0190  0.0190  0.0190  0.0190  0.0190
  0.0191  0.0191  0.0191  0.0191  0.0191  0.0191  0.0191  0.0191  0.0191  0.0191  0.0191  0.0191
  0.0193  0.0192  0.0192  0.0194  0.0193  0.0194  0.0192  0.0194  0.0192  0.0193  0.0192  0.0192
  0.0196  0.0194  0.0194  0.0198  0.0197  0.0199  0.0195  0.0199  0.0194  0.0195  0.0193  0.0193
registration optimization eta report
parameter search radius
    0.8000    0.8000    0.8000    2.4000    2.4000    2.4000
    2.4000    2.4000    2.4000    2.4000    2.4000    2.4000
100000*second partial in parameter space
       80.       54.       51.       14.       10.       16.
        8.       14.        5.        8.        5.        4.
  0.0196  0.0194  0.0194  0.0198  0.0196  0.0201  0.0195  0.0199  0.0193  0.0195  0.0193  0.0193
  0.0193  0.0192  0.0192  0.0195  0.0193  0.0196  0.0192  0.0194  0.0192  0.0192  0.0192  0.0191
  0.0191  0.0191  0.0191  0.0192  0.0191  0.0192  0.0191  0.0191  0.0191  0.0191  0.0191  0.0191
  0.0191  0.0191  0.0191  0.0191  0.0191  0.0191  0.0190  0.0190  0.0190  0.0190  0.0190  0.0190
  0.0191  0.0191  0.0191  0.0191  0.0191  0.0191  0.0191  0.0191  0.0191  0.0191  0.0191  0.0191
  0.0193  0.0192  0.0192  0.0194  0.0193  0.0194  0.0192  0.0194  0.0192  0.0193  0.0192  0.0192
  0.0196  0.0194  0.0194  0.0198  0.0197  0.0199  0.0195  0.0199  0.0194  0.0195  0.0193  0.0193
    0.9950  -18.5919   18.9398    3.0576    5.5103    3.5373
    1.1358   -0.1661   -0.4441   -2.5226    0.7083   -2.8142
eta,q 0.98096  7.64601

---------------------------------------------------------------------
imgreg_4dfp /usr/local/freesurfer/stable4//average/711-2C_as_mni_average_305 /usr/local/freesurfer/stable4//average/711-2B_as_mni_average_305_mask talsrcimg_g11 none talsrcimg_to_711-2C_as_mni_average_305_t4 2311
---------------------------------------------------------------------

$Id: imgreg_4dfp.c,v 1.3 2007/08/04 04:19:24 nicks Exp $
/usr/local/freesurfer/stable4//average/711-2C_as_mni_average_305.4dfp.img
       256       256       256         1
  1.000000  1.000000  1.000000
orientation T byte_order littleendian
Reading image: /usr/local/freesurfer/stable4//average/711-2C_as_mni_average_305.4dfp.img
dimensions:      256       256       256
mmppix:       1.0000   -1.0000   -1.0000
center:     128.0000 -129.0000 -129.0000
/usr/local/freesurfer/stable4//average/711-2B_as_mni_average_305_mask.4dfp.img
       256       256       256         1
  1.000000  1.000000  1.000000
orientation T byte_order littleendian
Reading mask: /usr/local/freesurfer/stable4//average/711-2B_as_mni_average_305_mask.4dfp.img (2306576 pixels)
talsrcimg_g11.4dfp.img
       256       256       256         1
  1.000000  1.000000  1.000000
orientation T byte_order littleendian
Reading image: talsrcimg_g11.4dfp.img
dimensions:      256       256       256
mmppix:       1.0000   -1.0000   -1.0000
center:     128.0000 -129.0000 -129.0000
$Id: fimgreg.f,v 1.1 2007/05/04 22:33:59 nicks Exp $
image alignment mode   2311 decimal      907 hex
parameters
    0.9950  -18.5919   18.9398    3.0576    5.5102    3.5373
    1.1358   -0.1661   -0.4441   -2.5226    0.7083   -2.8142
eta,q 0.98096  7.64601
niter,ni,del,rscale     5    3    5.0000    0.8000
parameters
    1.0150  -18.6253   18.9762    2.7238    5.4938    3.0659
    1.1862   -0.1996   -0.3881   -2.2195    0.6409   -2.6182
eta,q 0.98085  7.63673
  0.0211  0.0203  0.0204  0.0214  0.0211  0.0214  0.0209  0.0220  0.0203  0.0211  0.0202  0.0202
  0.0200  0.0196  0.0197  0.0203  0.0201  0.0205  0.0199  0.0205  0.0197  0.0200  0.0196  0.0196
  0.0193  0.0192  0.0192  0.0194  0.0193  0.0196  0.0193  0.0195  0.0193  0.0194  0.0193  0.0193
  0.0190  0.0190  0.0190  0.0190  0.0191  0.0191  0.0192  0.0192  0.0191  0.0192  0.0192  0.0192
  0.0193  0.0192  0.0192  0.0194  0.0193  0.0194  0.0193  0.0195  0.0193  0.0194  0.0193  0.0192
  0.0199  0.0197  0.0196  0.0206  0.0200  0.0208  0.0199  0.0205  0.0197  0.0198  0.0196  0.0195
  0.0210  0.0205  0.0203  0.0225  0.0213  0.0231  0.0208  0.0221  0.0203  0.0206  0.0202  0.0200
niter,ni,del,rscale     4    3    5.0000    0.7000
parameters
    1.0215  -18.5931   18.9219    2.8952    5.5494    3.0813
    1.1622   -0.1807   -0.3804   -2.2979    0.6607   -2.6733
eta,q 0.98088  7.63943
  0.0207  0.0202  0.0200  0.0213  0.0208  0.0212  0.0204  0.0214  0.0200  0.0204  0.0199  0.0198
  0.0198  0.0196  0.0195  0.0203  0.0199  0.0205  0.0197  0.0202  0.0195  0.0196  0.0195  0.0194
  0.0193  0.0193  0.0192  0.0196  0.0193  0.0197  0.0193  0.0194  0.0192  0.0192  0.0192  0.0192
  0.0192  0.0192  0.0192  0.0192  0.0191  0.0191  0.0191  0.0191  0.0191  0.0191  0.0191  0.0191
  0.0193  0.0193  0.0193  0.0192  0.0193  0.0192  0.0193  0.0194  0.0192  0.0194  0.0192  0.0192
  0.0198  0.0196  0.0196  0.0199  0.0198  0.0200  0.0197  0.0202  0.0195  0.0198  0.0195  0.0195
  0.0206  0.0201  0.0201  0.0212  0.0207  0.0216  0.0205  0.0214  0.0200  0.0204  0.0199  0.0199
niter,ni,del,rscale     3    3    5.0000    0.6000
parameters
    1.0134  -18.5940   18.9084    2.9804    5.5671    3.2462
    1.1378   -0.1772   -0.4018   -2.3839    0.6852   -2.7442
eta,q 0.98092  7.64287
  0.0202  0.0199  0.0198  0.0208  0.0203  0.0209  0.0201  0.0209  0.0198  0.0201  0.0197  0.0196
  0.0196  0.0195  0.0194  0.0200  0.0197  0.0202  0.0195  0.0199  0.0194  0.0195  0.0194  0.0193
  0.0192  0.0192  0.0192  0.0194  0.0193  0.0196  0.0192  0.0193  0.0192  0.0192  0.0192  0.0191
  0.0191  0.0191  0.0191  0.0191  0.0191  0.0191  0.0191  0.0191  0.0191  0.0191  0.0191  0.0191
  0.0193  0.0192  0.0192  0.0192  0.0193  0.0191  0.0192  0.0193  0.0192  0.0193  0.0191  0.0191
  0.0196  0.0194  0.0194  0.0198  0.0197  0.0197  0.0195  0.0199  0.0194  0.0196  0.0193  0.0193
  0.0202  0.0199  0.0198  0.0208  0.0203  0.0209  0.0201  0.0209  0.0198  0.0201  0.0197  0.0196
niter,ni,del,rscale     2    3    5.0000    0.5000
parameters
    1.0023  -18.5919   18.9192    3.0220    5.5477    3.4138
    1.1302   -0.1668   -0.4269   -2.4571    0.6993   -2.7887
eta,q 0.98094  7.64502
  0.0199  0.0196  0.0196  0.0203  0.0199  0.0205  0.0197  0.0203  0.0195  0.0198  0.0195  0.0194
  0.0194  0.0193  0.0193  0.0197  0.0195  0.0199  0.0194  0.0196  0.0193  0.0193  0.0193  0.0192
  0.0192  0.0192  0.0191  0.0193  0.0192  0.0194  0.0191  0.0192  0.0191  0.0191  0.0191  0.0191
  0.0191  0.0191  0.0191  0.0191  0.0191  0.0191  0.0191  0.0191  0.0191  0.0191  0.0191  0.0191
  0.0192  0.0191  0.0191  0.0192  0.0192  0.0191  0.0191  0.0192  0.0191  0.0192  0.0191  0.0191
  0.0195  0.0193  0.0193  0.0196  0.0195  0.0195  0.0194  0.0196  0.0193  0.0194  0.0192  0.0192
  0.0199  0.0196  0.0196  0.0203  0.0200  0.0204  0.0198  0.0203  0.0195  0.0198  0.0195  0.0195
niter,ni,del,rscale     1    3    5.0000    0.4000
parameters
    0.9942  -18.5916   18.9401    3.0571    5.5145    3.5368
    1.1420   -0.1648   -0.4443   -2.5204    0.7013   -2.8062
eta,q 0.98096  7.64608
  0.0196  0.0194  0.0194  0.0198  0.0196  0.0201  0.0195  0.0199  0.0193  0.0195  0.0193  0.0193
  0.0193  0.0192  0.0192  0.0194  0.0193  0.0196  0.0193  0.0194  0.0192  0.0192  0.0192  0.0191
  0.0191  0.0191  0.0191  0.0192  0.0191  0.0192  0.0191  0.0191  0.0191  0.0191  0.0191  0.0191
  0.0191  0.0191  0.0191  0.0191  0.0191  0.0191  0.0190  0.0190  0.0190  0.0190  0.0190  0.0190
  0.0191  0.0191  0.0191  0.0191  0.0191  0.0191  0.0191  0.0191  0.0191  0.0191  0.0191  0.0191
  0.0193  0.0192  0.0192  0.0194  0.0193  0.0194  0.0192  0.0194  0.0192  0.0193  0.0192  0.0192
  0.0196  0.0194  0.0194  0.0198  0.0197  0.0199  0.0195  0.0199  0.0194  0.0195  0.0193  0.0193
registration optimization eta report
parameter search radius
    0.8000    0.8000    0.8000    2.4000    2.4000    2.4000
    2.4000    2.4000    2.4000    2.4000    2.4000    2.4000
100000*second partial in parameter space
       80.       54.       51.       14.       10.       16.
        8.       14.        5.        8.        5.        4.
  0.0196  0.0194  0.0194  0.0198  0.0196  0.0201  0.0195  0.0199  0.0193  0.0195  0.0193  0.0193
  0.0193  0.0192  0.0192  0.0194  0.0193  0.0196  0.0193  0.0194  0.0192  0.0192  0.0192  0.0191
  0.0191  0.0191  0.0191  0.0192  0.0191  0.0192  0.0191  0.0191  0.0191  0.0191  0.0191  0.0191
  0.0191  0.0191  0.0191  0.0191  0.0191  0.0191  0.0190  0.0190  0.0190  0.0190  0.0190  0.0190
  0.0191  0.0191  0.0191  0.0191  0.0191  0.0191  0.0191  0.0191  0.0191  0.0191  0.0191  0.0191
  0.0193  0.0192  0.0192  0.0194  0.0193  0.0194  0.0192  0.0194  0.0192  0.0193  0.0192  0.0192
  0.0196  0.0194  0.0194  0.0198  0.0197  0.0199  0.0195  0.0199  0.0194  0.0195  0.0193  0.0193
    0.9942  -18.5916   18.9401    3.0571    5.5145    3.5368
    1.1420   -0.1648   -0.4443   -2.5204    0.7013   -2.8062
eta,q 0.98096  7.64608

---------------------------------------------------------------------
compute_vox2vox talsrcimg talsrcimg_to_711-2C_as_mni_average_305_t4 /usr/local/freesurfer/stable4//average/711-2C_as_mni_average_305
---------------------------------------------------------------------

$Id: compute_vox2vox.c,v 1.2 2007/05/05 00:00:06 nicks Exp $
Reading: talsrcimg.4dfp.ifh
Reading: talsrcimg_to_711-2C_as_mni_average_305_t4
Reading: /usr/local/freesurfer/stable4//average/711-2C_as_mni_average_305.4dfp.ifh
Writing: talsrcimg_to_711-2C_as_mni_average_305_t4_vox2vox.txt

start time Thu Jul 15 08:43:09 EDT 2010
end		time Thu Jul 15 08:43:51 EDT 2010

mpr2mni305 success

tkregister2_cmdl --mov nu.mgz --targ /usr/local/freesurfer/stable4//average/mni305.cor.mgz --xfmout transforms/talairach.auto.xfm --vox2vox talsrcimg_to_711-2C_as_mni_average_305_t4_vox2vox.txt --noedit --reg talsrcimg.reg.tmp.dat
tkregister_tcl /usr/local/freesurfer/stable4//lib/tcl/tkregister2.tcl
Vox2Vox Matrix 
 1.031   0.011   0.002  -6.578;
-0.004   1.055   0.025   8.901;
-0.007   0.028   1.035   11.754;
 0.000   0.000   0.000   1.000;
target  volume /usr/local/freesurfer/stable4//average/mni305.cor.mgz
movable volume nu.mgz
reg file       talsrcimg.reg.tmp.dat
LoadVol        0
ZeroCRAS       0
$Id: tkregister2.c,v 1.86.2.12 2009/03/19 22:04:20 greve Exp $
Diagnostic Level -1
INFO: loading target /usr/local/freesurfer/stable4//average/mni305.cor.mgz
Ttarg: --------------------
-1.000   0.000   0.000   128.000;
 0.000   0.000   1.000  -128.000;
 0.000  -1.000   0.000   128.000;
 0.000   0.000   0.000   1.000;
INFO: loading movable nu.mgz
Tmov: --------------------
-1.000   0.000   0.000   128.000;
 0.000   0.000   1.000  -128.000;
 0.000  -1.000   0.000   128.000;
 0.000   0.000   0.000   1.000;
mkheaderreg = 1, float2int = 0
Computing reg from header (and possibly input matrix)
---- Input registration matrix (computed) --------
 1.031  -0.002   0.011   0.993;
 0.007   1.035  -0.028   18.975;
-0.004  -0.025   1.055  -18.617;
 0.000   0.000   0.000   1.000;
---------------------------------------
---- Input registration matrix --------
 1.031  -0.002   0.011   0.993;
 0.007   1.035  -0.028   18.975;
-0.004  -0.025   1.055  -18.617;
 0.000   0.000   0.000   1.000;
Determinant 1.1252
subject = subject-unknown
RegMat ---------------------------
 1.031  -0.002   0.011   0.993;
 0.007   1.035  -0.028   18.975;
-0.004  -0.025   1.055  -18.617;
 0.000   0.000   0.000   1.000;
register: file talsrcimg.reg.tmp.dat written
 
 
Thu Jul 15 08:43:53 EDT 2010
talairach_avi done
